02:01:39 **** Incremental Build of configuration Debug for project BNO055_stm32_f303re ****
make -j12 all 
arm-none-eabi-gcc "../Core/Src/BNO055.c" -mcpu=cortex-m4 -std=gnu11 -g3 -DDEBUG -DUSE_HAL_DRIVER -DSTM32F303xE -c -I../Core/Inc -I../Drivers/STM32F3xx_HAL_Driver/Inc -I../Drivers/STM32F3xx_HAL_Driver/Inc/Legacy -I../Drivers/CMSIS/Device/ST/STM32F3xx/Include -I../Drivers/CMSIS/Include -O0 -ffunction-sections -fdata-sections -Wall -fstack-usage -fcyclomatic-complexity -MMD -MP -MF"Core/Src/BNO055.d" -MT"Core/Src/BNO055.o" --specs=nano.specs -mfpu=fpv4-sp-d16 -mfloat-abi=hard -mthumb -o "Core/Src/BNO055.o"
../Core/Src/BNO055.c: In function 'bno055_writeData':
../Core/Src/BNO055.c:38:72: warning: passing argument 3 of 'HAL_I2C_Master_Transmit' makes pointer from integer without a cast [-Wint-conversion]
   38 |     status = HAL_I2C_Master_Transmit(i2c_dev, BNO055_I2C_ADDR_LO << 1, *txdata, sizeof(*txdata), 10);
      |                                                                        ^~~~~~~
      |                                                                        |
      |                                                                        uint8_t {aka unsigned char}
In file included from ../Core/Inc/stm32f3xx_hal_conf.h:271,
                 from ../Drivers/STM32F3xx_HAL_Driver/Inc/stm32f3xx_hal.h:29,
                 from ../Core/Inc/main.h:30,
                 from ../Core/Inc/i2c.h:29,
                 from ../Core/Inc/BNO055.h:5,
                 from ../Core/Src/BNO055.c:1:
../Drivers/STM32F3xx_HAL_Driver/Inc/stm32f3xx_hal_i2c.h:626:98: note: expected 'uint8_t *' {aka 'unsigned char *'} but argument is of type 'uint8_t' {aka 'unsigned char'}
  626 | HAL_StatusTypeDef HAL_I2C_Master_Transmit(I2C_HandleTypeDef *hi2c, uint16_t DevAddress, uint8_t *pData,
      |                                                                                         ~~~~~~~~~^~~~~
arm-none-eabi-g++ -o "BNO055_stm32_f303re.elf" @"objects.list"   -mcpu=cortex-m4 -T"F:\SEM_mbed\SEM_Embedded_Telemetry\BNO055_stm32\BNO055_stm32_f303re\STM32F303RETX_FLASH.ld" --specs=nosys.specs -Wl,-Map="BNO055_stm32_f303re.map" -Wl,--gc-sections -static --specs=nano.specs -mfpu=fpv4-sp-d16 -mfloat-abi=hard -mthumb -Wl,--start-group -lc -lm -lstdc++ -lsupc++ -Wl,--end-group
Finished building target: BNO055_stm32_f303re.elf
 
arm-none-eabi-size   BNO055_stm32_f303re.elf 
arm-none-eabi-objdump -h -S  BNO055_stm32_f303re.elf  > "BNO055_stm32_f303re.list"
   text	   data	    bss	    dec	    hex	filename
  24800	    128	   2360	  27288	   6a98	BNO055_stm32_f303re.elf
Finished building: default.size.stdout
 
Finished building: BNO055_stm32_f303re.list
 
02:01:59 **** Incremental Build of configuration Debug for project BNO055_stm32_f303re ****
make -j12 all 
arm-none-eabi-gcc "../Core/Src/BNO055.c" -mcpu=cortex-m4 -std=gnu11 -g3 -DDEBUG -DUSE_HAL_DRIVER -DSTM32F303xE -c -I../Core/Inc -I../Drivers/STM32F3xx_HAL_Driver/Inc -I../Drivers/STM32F3xx_HAL_Driver/Inc/Legacy -I../Drivers/CMSIS/Device/ST/STM32F3xx/Include -I../Drivers/CMSIS/Include -O0 -ffunction-sections -fdata-sections -Wall -fstack-usage -fcyclomatic-complexity -MMD -MP -MF"Core/Src/BNO055.d" -MT"Core/Src/BNO055.o" --specs=nano.specs -mfpu=fpv4-sp-d16 -mfloat-abi=hard -mthumb -o "Core/Src/BNO055.o"
../Core/Src/BNO055.c: In function 'bno055_writeData':
../Core/Src/BNO055.c:38:72: warning: passing argument 3 of 'HAL_I2C_Master_Transmit' from incompatible pointer type [-Wincompatible-pointer-types]
   38 |     status = HAL_I2C_Master_Transmit(i2c_dev, BNO055_I2C_ADDR_LO << 1, &txdata, sizeof(&txdata), 10);
      |                                                                        ^~~~~~~
      |                                                                        |
      |                                                                        uint8_t ** {aka unsigned char **}
In file included from ../Core/Inc/stm32f3xx_hal_conf.h:271,
                 from ../Drivers/STM32F3xx_HAL_Driver/Inc/stm32f3xx_hal.h:29,
                 from ../Core/Inc/main.h:30,
                 from ../Core/Inc/i2c.h:29,
                 from ../Core/Inc/BNO055.h:5,
                 from ../Core/Src/BNO055.c:1:
../Drivers/STM32F3xx_HAL_Driver/Inc/stm32f3xx_hal_i2c.h:626:98: note: expected 'uint8_t *' {aka 'unsigned char *'} but argument is of type 'uint8_t **' {aka 'unsigned char **'}
  626 | HAL_StatusTypeDef HAL_I2C_Master_Transmit(I2C_HandleTypeDef *hi2c, uint16_t DevAddress, uint8_t *pData,
      |                                                                                         ~~~~~~~~~^~~~~
arm-none-eabi-g++ -o "BNO055_stm32_f303re.elf" @"objects.list"   -mcpu=cortex-m4 -T"F:\SEM_mbed\SEM_Embedded_Telemetry\BNO055_stm32\BNO055_stm32_f303re\STM32F303RETX_FLASH.ld" --specs=nosys.specs -Wl,-Map="BNO055_stm32_f303re.map" -Wl,--gc-sections -static --specs=nano.specs -mfpu=fpv4-sp-d16 -mfloat-abi=hard -mthumb -Wl,--start-group -lc -lm -lstdc++ -lsupc++ -Wl,--end-group
Finished building target: BNO055_stm32_f303re.elf
 
arm-none-eabi-size   BNO055_stm32_f303re.elf 
arm-none-eabi-objdump -h -S  BNO055_stm32_f303re.elf  > "BNO055_stm32_f303re.list"
   text	   data	    bss	    dec	    hex	filename
  24796	    128	   2360	  27284	   6a94	BNO055_stm32_f303re.elf
Finished building: default.size.stdout
 
Finished building: BNO055_stm32_f303re.list
 
02:08:47 **** Incremental Build of configuration Debug for project BNO055_stm32_f303re ****
make -j12 all 
arm-none-eabi-gcc "../Core/Src/BNO055.c" -mcpu=cortex-m4 -std=gnu11 -g3 -DDEBUG -DUSE_HAL_DRIVER -DSTM32F303xE -c -I../Core/Inc -I../Drivers/STM32F3xx_HAL_Driver/Inc -I../Drivers/STM32F3xx_HAL_Driver/Inc/Legacy -I../Drivers/CMSIS/Device/ST/STM32F3xx/Include -I../Drivers/CMSIS/Include -O0 -ffunction-sections -fdata-sections -Wall -fstack-usage -fcyclomatic-complexity -MMD -MP -MF"Core/Src/BNO055.d" -MT"Core/Src/BNO055.o" --specs=nano.specs -mfpu=fpv4-sp-d16 -mfloat-abi=hard -mthumb -o "Core/Src/BNO055.o"
arm-none-eabi-g++ -o "BNO055_stm32_f303re.elf" @"objects.list"   -mcpu=cortex-m4 -T"F:\SEM_mbed\SEM_Embedded_Telemetry\BNO055_stm32\BNO055_stm32_f303re\STM32F303RETX_FLASH.ld" --specs=nosys.specs -Wl,-Map="BNO055_stm32_f303re.map" -Wl,--gc-sections -static --specs=nano.specs -mfpu=fpv4-sp-d16 -mfloat-abi=hard -mthumb -Wl,--start-group -lc -lm -lstdc++ -lsupc++ -Wl,--end-group
Finished building target: BNO055_stm32_f303re.elf
 
arm-none-eabi-size   BNO055_stm32_f303re.elf 
arm-none-eabi-objdump -h -S  BNO055_stm32_f303re.elf  > "BNO055_stm32_f303re.list"
   text	   data	    bss	    dec	    hex	filename
  24796	    128	   2360	  27284	   6a94	BNO055_stm32_f303re.elf
Finished building: default.size.stdout
 
Finished building: BNO055_stm32_f303re.list
 
02:09:03 **** Incremental Build of configuration Debug for project BNO055_stm32_f303re ****
make -j12 all 
arm-none-eabi-size   BNO055_stm32_f303re.elf 
   text	   data	    bss	    dec	    hex	filename
  24796	    128	   2360	  27284	   6a94	BNO055_stm32_f303re.elf
Finished building: default.size.stdout
 
02:11:46 **** Incremental Build of configuration Debug for project BNO055_stm32_f303re ****
make -j12 all 
arm-none-eabi-gcc "../Core/Src/BNO055.c" -mcpu=cortex-m4 -std=gnu11 -g3 -DDEBUG -DUSE_HAL_DRIVER -DSTM32F303xE -c -I../Core/Inc -I../Drivers/STM32F3xx_HAL_Driver/Inc -I../Drivers/STM32F3xx_HAL_Driver/Inc/Legacy -I../Drivers/CMSIS/Device/ST/STM32F3xx/Include -I../Drivers/CMSIS/Include -O0 -ffunction-sections -fdata-sections -Wall -fstack-usage -fcyclomatic-complexity -MMD -MP -MF"Core/Src/BNO055.d" -MT"Core/Src/BNO055.o" --specs=nano.specs -mfpu=fpv4-sp-d16 -mfloat-abi=hard -mthumb -o "Core/Src/BNO055.o"
arm-none-eabi-g++ -o "BNO055_stm32_f303re.elf" @"objects.list"   -mcpu=cortex-m4 -T"F:\SEM_mbed\SEM_Embedded_Telemetry\BNO055_stm32\BNO055_stm32_f303re\STM32F303RETX_FLASH.ld" --specs=nosys.specs -Wl,-Map="BNO055_stm32_f303re.map" -Wl,--gc-sections -static --specs=nano.specs -mfpu=fpv4-sp-d16 -mfloat-abi=hard -mthumb -Wl,--start-group -lc -lm -lstdc++ -lsupc++ -Wl,--end-group
Finished building target: BNO055_stm32_f303re.elf
 
arm-none-eabi-size   BNO055_stm32_f303re.elf 
arm-none-eabi-objdump -h -S  BNO055_stm32_f303re.elf  > "BNO055_stm32_f303re.list"
   text	   data	    bss	    dec	    hex	filename
  24796	    128	   2360	  27284	   6a94	BNO055_stm32_f303re.elf
Finished building: default.size.stdout
 
Finished building: BNO055_stm32_f303re.list
 
02:12:28 **** Incremental Build of configuration Debug for project BNO055_stm32_f303re ****
make -j12 all 
arm-none-eabi-gcc "../Core/Src/BNO055.c" -mcpu=cortex-m4 -std=gnu11 -g3 -DDEBUG -DUSE_HAL_DRIVER -DSTM32F303xE -c -I../Core/Inc -I../Drivers/STM32F3xx_HAL_Driver/Inc -I../Drivers/STM32F3xx_HAL_Driver/Inc/Legacy -I../Drivers/CMSIS/Device/ST/STM32F3xx/Include -I../Drivers/CMSIS/Include -O0 -ffunction-sections -fdata-sections -Wall -fstack-usage -fcyclomatic-complexity -MMD -MP -MF"Core/Src/BNO055.d" -MT"Core/Src/BNO055.o" --specs=nano.specs -mfpu=fpv4-sp-d16 -mfloat-abi=hard -mthumb -o "Core/Src/BNO055.o"
arm-none-eabi-g++ -o "BNO055_stm32_f303re.elf" @"objects.list"   -mcpu=cortex-m4 -T"F:\SEM_mbed\SEM_Embedded_Telemetry\BNO055_stm32\BNO055_stm32_f303re\STM32F303RETX_FLASH.ld" --specs=nosys.specs -Wl,-Map="BNO055_stm32_f303re.map" -Wl,--gc-sections -static --specs=nano.specs -mfpu=fpv4-sp-d16 -mfloat-abi=hard -mthumb -Wl,--start-group -lc -lm -lstdc++ -lsupc++ -Wl,--end-group
Finished building target: BNO055_stm32_f303re.elf
 
arm-none-eabi-size   BNO055_stm32_f303re.elf 
arm-none-eabi-objdump -h -S  BNO055_stm32_f303re.elf  > "BNO055_stm32_f303re.list"
   text	   data	    bss	    dec	    hex	filename
  24796	    128	   2360	  27284	   6a94	BNO055_stm32_f303re.elf
Finished building: default.size.stdout
 
Finished building: BNO055_stm32_f303re.list
 
02:13:23 **** Incremental Build of configuration Debug for project BNO055_stm32_f303re ****
make -j12 all 
arm-none-eabi-size   BNO055_stm32_f303re.elf 
   text	   data	    bss	    dec	    hex	filename
  24796	    128	   2360	  27284	   6a94	BNO055_stm32_f303re.elf
Finished building: default.size.stdout
 
02:17:51 **** Incremental Build of configuration Debug for project BNO055_stm32_f303re ****
make -j12 all 
arm-none-eabi-gcc "../Core/Src/BNO055.c" -mcpu=cortex-m4 -std=gnu11 -g3 -DDEBUG -DUSE_HAL_DRIVER -DSTM32F303xE -c -I../Core/Inc -I../Drivers/STM32F3xx_HAL_Driver/Inc -I../Drivers/STM32F3xx_HAL_Driver/Inc/Legacy -I../Drivers/CMSIS/Device/ST/STM32F3xx/Include -I../Drivers/CMSIS/Include -O0 -ffunction-sections -fdata-sections -Wall -fstack-usage -fcyclomatic-complexity -MMD -MP -MF"Core/Src/BNO055.d" -MT"Core/Src/BNO055.o" --specs=nano.specs -mfpu=fpv4-sp-d16 -mfloat-abi=hard -mthumb -o "Core/Src/BNO055.o"
arm-none-eabi-g++ -o "BNO055_stm32_f303re.elf" @"objects.list"   -mcpu=cortex-m4 -T"F:\SEM_mbed\SEM_Embedded_Telemetry\BNO055_stm32\BNO055_stm32_f303re\STM32F303RETX_FLASH.ld" --specs=nosys.specs -Wl,-Map="BNO055_stm32_f303re.map" -Wl,--gc-sections -static --specs=nano.specs -mfpu=fpv4-sp-d16 -mfloat-abi=hard -mthumb -Wl,--start-group -lc -lm -lstdc++ -lsupc++ -Wl,--end-group
Finished building target: BNO055_stm32_f303re.elf
 
arm-none-eabi-size   BNO055_stm32_f303re.elf 
arm-none-eabi-objdump -h -S  BNO055_stm32_f303re.elf  > "BNO055_stm32_f303re.list"
   text	   data	    bss	    dec	    hex	filename
  24796	    128	   2360	  27284	   6a94	BNO055_stm32_f303re.elf
Finished building: default.size.stdout
 
Finished building: BNO055_stm32_f303re.list
 
02:22:15 **** Incremental Build of configuration Debug for project BNO055_stm32_f303re ****
make -j12 all 
arm-none-eabi-gcc "../Core/Src/BNO055.c" -mcpu=cortex-m4 -std=gnu11 -g3 -DDEBUG -DUSE_HAL_DRIVER -DSTM32F303xE -c -I../Core/Inc -I../Drivers/STM32F3xx_HAL_Driver/Inc -I../Drivers/STM32F3xx_HAL_Driver/Inc/Legacy -I../Drivers/CMSIS/Device/ST/STM32F3xx/Include -I../Drivers/CMSIS/Include -O0 -ffunction-sections -fdata-sections -Wall -fstack-usage -fcyclomatic-complexity -MMD -MP -MF"Core/Src/BNO055.d" -MT"Core/Src/BNO055.o" --specs=nano.specs -mfpu=fpv4-sp-d16 -mfloat-abi=hard -mthumb -o "Core/Src/BNO055.o"
arm-none-eabi-g++ -o "BNO055_stm32_f303re.elf" @"objects.list"   -mcpu=cortex-m4 -T"F:\SEM_mbed\SEM_Embedded_Telemetry\BNO055_stm32\BNO055_stm32_f303re\STM32F303RETX_FLASH.ld" --specs=nosys.specs -Wl,-Map="BNO055_stm32_f303re.map" -Wl,--gc-sections -static --specs=nano.specs -mfpu=fpv4-sp-d16 -mfloat-abi=hard -mthumb -Wl,--start-group -lc -lm -lstdc++ -lsupc++ -Wl,--end-group
Finished building target: BNO055_stm32_f303re.elf
 
arm-none-eabi-size   BNO055_stm32_f303re.elf 
arm-none-eabi-objdump -h -S  BNO055_stm32_f303re.elf  > "BNO055_stm32_f303re.list"
   text	   data	    bss	    dec	    hex	filename
  24796	    128	   2360	  27284	   6a94	BNO055_stm32_f303re.elf
Finished building: default.size.stdout
 
Finished building: BNO055_stm32_f303re.list
 
