2024-01-06 20:24:30,802 [INFO] Activator:176 - 


2024-01-06 20:24:30,806 [INFO] Activator:177 - !SESSION log4j initialized
2024-01-06 20:24:35,970 [INFO] LogOutputStream:77 - [STDOUT_REDIRECT] 
2024-01-06 20:24:38,595 [INFO] ApplicationProperties:184 - Using Application install path: E:\stIDE\STM32CubeIDE_1.13.2\STM32CubeIDE\plugins\com.st.stm32cube.common.mx_6.9.2.202309101412
2024-01-06 20:24:38,610 [INFO] DbMcusXml:78 - Set database path to: E:\stIDE\STM32CubeIDE_1.13.2\STM32CubeIDE\plugins\com.st.stm32cube.common.mx_6.9.2.202309101412\\db\/mcu/
2024-01-06 20:24:38,611 [INFO] ApiDb:274 - Set plugin database path to: E:\stIDE\STM32CubeIDE_1.13.2\STM32CubeIDE\plugins\com.st.stm32cube.common.mx_6.9.2.202309101412\\db\/plugins/boardmanager/
2024-01-06 20:24:38,612 [WARN] ApiDb:259 - Overriding images path with different value:  => E:\stIDE\STM32CubeIDE_1.13.2\STM32CubeIDE\plugins\com.st.stm32cube.common.mx_6.9.2.202309101412\\db\/plugins/mcufinder/images/
2024-01-06 20:24:38,621 [INFO] ApiDb:250 - Set database path to: C:\Users\nessy\.stmcufinder\plugins\mcufinder//mcu/
2024-01-06 20:24:38,622 [INFO] DbMcusAds:125 - Set database path to: C:\Users\nessy\.stmcufinder\plugins\mcufinder//mcu/
2024-01-06 20:24:38,624 [INFO] CrossReferenceDbSqlite:203 - Set database path to: C:\Users\nessy\.stmcufinder\plugins\mcufinder//mcu/cs/
2024-01-06 20:24:38,729 [INFO] RulesReader:64 - Compatibility file has been processed (293 Rules)
2024-01-06 20:24:38,814 [INFO] DbMcusXml:78 - Set database path to: E:\stIDE\STM32CubeIDE_1.13.2\STM32CubeIDE\plugins\com.st.stm32cube.common.mx_6.9.2.202309101412\\db\/mcu/
2024-01-06 20:24:38,815 [INFO] ApiDb:274 - Set plugin database path to: E:\stIDE\STM32CubeIDE_1.13.2\STM32CubeIDE\plugins\com.st.stm32cube.common.mx_6.9.2.202309101412\\db\/plugins/boardmanager/
2024-01-06 20:24:38,815 [INFO] ApiDb:261 - Set plugin images path to: E:\stIDE\STM32CubeIDE_1.13.2\STM32CubeIDE\plugins\com.st.stm32cube.common.mx_6.9.2.202309101412\\db\/plugins/mcufinder/images/
2024-01-06 20:24:38,815 [WARN] DbFile:41 - Overriding database path with different value: C:\Users\nessy\.stmcufinder\plugins\mcufinder/ => C:\Users\nessy\.stmcufinder\plugins\mcufinder
2024-01-06 20:24:38,815 [INFO] ApiDb:250 - Set database path to: C:\Users\nessy\.stmcufinder\plugins\mcufinder//mcu/
2024-01-06 20:24:38,815 [WARN] DbFile:41 - Overriding database path with different value: C:\Users\nessy\.stmcufinder\plugins\mcufinder/ => C:\Users\nessy\.stmcufinder\plugins\mcufinder
2024-01-06 20:24:38,815 [INFO] DbMcusAds:125 - Set database path to: C:\Users\nessy\.stmcufinder\plugins\mcufinder//mcu/
2024-01-06 20:24:38,816 [WARN] DbFile:41 - Overriding database path with different value: C:\Users\nessy\.stmcufinder\plugins\mcufinder/ => C:\Users\nessy\.stmcufinder\plugins\mcufinder
2024-01-06 20:24:38,816 [WARN] DbFile:41 - Overriding database path with different value: C:\Users\nessy\.stmcufinder\plugins\mcufinder/ => C:\Users\nessy\.stmcufinder\plugins\mcufinder
2024-01-06 20:24:38,816 [INFO] CrossReferenceDbSqlite:203 - Set database path to: C:\Users\nessy\.stmcufinder\plugins\mcufinder//mcu/cs/
2024-01-06 20:24:38,887 [INFO] MainPanel:262 - HeapMemory: 268435456
2024-01-06 20:24:38,953 [INFO] DbMcusXml:78 - Set database path to: E:\stIDE\STM32CubeIDE_1.13.2\STM32CubeIDE\plugins\com.st.stm32cube.common.mx_6.9.2.202309101412\\db\/mcu/
2024-01-06 20:24:38,953 [INFO] ApiDb:274 - Set plugin database path to: E:\stIDE\STM32CubeIDE_1.13.2\STM32CubeIDE\plugins\com.st.stm32cube.common.mx_6.9.2.202309101412\\db\/plugins/boardmanager/
2024-01-06 20:24:38,953 [INFO] ApiDb:261 - Set plugin images path to: E:\stIDE\STM32CubeIDE_1.13.2\STM32CubeIDE\plugins\com.st.stm32cube.common.mx_6.9.2.202309101412\\db\/plugins/mcufinder/images/
2024-01-06 20:24:38,954 [WARN] DbFile:41 - Overriding database path with different value: C:\Users\nessy\.stmcufinder\plugins\mcufinder/ => C:\Users\nessy\.stmcufinder\plugins\mcufinder
2024-01-06 20:24:38,954 [INFO] ApiDb:250 - Set database path to: C:\Users\nessy\.stmcufinder\plugins\mcufinder//mcu/
2024-01-06 20:24:38,954 [WARN] DbFile:41 - Overriding database path with different value: C:\Users\nessy\.stmcufinder\plugins\mcufinder/ => C:\Users\nessy\.stmcufinder\plugins\mcufinder
2024-01-06 20:24:38,954 [INFO] DbMcusAds:125 - Set database path to: C:\Users\nessy\.stmcufinder\plugins\mcufinder//mcu/
2024-01-06 20:24:38,954 [WARN] DbFile:41 - Overriding database path with different value: C:\Users\nessy\.stmcufinder\plugins\mcufinder/ => C:\Users\nessy\.stmcufinder\plugins\mcufinder
2024-01-06 20:24:38,954 [WARN] DbFile:41 - Overriding database path with different value: C:\Users\nessy\.stmcufinder\plugins\mcufinder/ => C:\Users\nessy\.stmcufinder\plugins\mcufinder
2024-01-06 20:24:38,954 [INFO] CrossReferenceDbSqlite:203 - Set database path to: C:\Users\nessy\.stmcufinder\plugins\mcufinder//mcu/cs/
2024-01-06 20:24:38,971 [INFO] ApplicationProperties:184 - Using Application install path: E:\stIDE\STM32CubeIDE_1.13.2\STM32CubeIDE\plugins\com.st.stm32cube.common.mx_6.9.2.202309101412
2024-01-06 20:24:38,973 [INFO] PluginManage:196 - Search for loadable plugins [exclusion list=, ]
2024-01-06 20:24:38,974 [INFO] PluginManage:310 - Check plugin analytics
2024-01-06 20:24:39,155 [INFO] AnalyticsPlugin:253 - Accepted Software Licenses: 
2024-01-06 20:24:39,155 [INFO] AnalyticsPlugin:255 - Accepted CMSIS Pack Licenses: STMicroelectronics.X-CUBE-ALGOBUILD.1.3.0
2024-01-06 20:24:39,155 [INFO] AnalyticsPlugin:257 - Accepted Firmware Licenses: FW.H7.1.11.0
2024-01-06 20:24:39,159 [INFO] PluginManage:359 - Loaded plugin analytics (category:tool,tabindex:-1)
2024-01-06 20:24:39,159 [INFO] PluginManage:310 - Check plugin cadmodel
2024-01-06 20:24:39,163 [INFO] CADModel:105 - Init CAD model plugin
2024-01-06 20:24:39,163 [INFO] PluginManage:359 - Loaded plugin cadmodel (category:power,tabindex:5)
2024-01-06 20:24:39,163 [INFO] PluginManage:310 - Check plugin clock
2024-01-06 20:24:39,172 [INFO] PluginManage:359 - Loaded plugin clock (category:base,tabindex:2)
2024-01-06 20:24:39,172 [INFO] PluginManage:310 - Check plugin ddr
2024-01-06 20:24:39,174 [INFO] PluginManage:359 - Loaded plugin ddr (category:tool,tabindex:6)
2024-01-06 20:24:39,174 [INFO] PluginManage:310 - Check plugin filemanager
2024-01-06 20:24:39,296 [INFO] PluginManage:359 - Loaded plugin filemanager (category:base,tabindex:10)
2024-01-06 20:24:39,297 [INFO] PluginManage:310 - Check plugin ipmanager
2024-01-06 20:24:39,305 [INFO] PluginManage:359 - Loaded plugin ipmanager (category:base,tabindex:5)
2024-01-06 20:24:39,305 [INFO] PluginManage:310 - Check plugin lpbam
2024-01-06 20:24:39,314 [INFO] PluginManage:359 - Loaded plugin lpbam (category:base,tabindex:0)
2024-01-06 20:24:39,314 [INFO] PluginManage:310 - Check plugin memorymap
2024-01-06 20:24:39,326 [INFO] PluginManage:359 - Loaded plugin memorymap (category:base,tabindex:4)
2024-01-06 20:24:39,327 [INFO] PluginManage:310 - Check plugin pinoutandconfiguration
2024-01-06 20:24:39,333 [INFO] PluginManage:359 - Loaded plugin pinoutandconfiguration (category:base,tabindex:1)
2024-01-06 20:24:39,333 [INFO] PluginManage:310 - Check plugin pinoutconfig
2024-01-06 20:24:39,430 [WARN] SupportedApi:132 - Cannot load RTOS API schema: s4s-elt-must-match.1: The content of 'definitions' must match (annotation?, (simpleType | complexType)?, (unique | key | keyref)*)). A problem was found starting at: attribute.
2024-01-06 20:24:39,556 [INFO] PluginManage:359 - Loaded plugin pinoutconfig (category:base,tabindex:0)
2024-01-06 20:24:39,557 [INFO] PluginManage:310 - Check plugin power
2024-01-06 20:24:39,565 [INFO] PluginManage:359 - Loaded plugin power (category:power,tabindex:4)
2024-01-06 20:24:39,565 [INFO] PluginManage:310 - Check plugin projectmanager
2024-01-06 20:24:39,581 [INFO] PluginManage:359 - Loaded plugin projectmanager (category:projectmanager,tabindex:3)
2024-01-06 20:24:39,581 [INFO] PluginManage:310 - Check plugin thirdparty
2024-01-06 20:24:39,698 [INFO] PluginManage:359 - Loaded plugin thirdparty (category:base,tabindex:-1)
2024-01-06 20:24:39,698 [WARN] IntegrityCheckThread:84 - waiting for thirdparty lock release [integrity check]
2024-01-06 20:24:39,699 [INFO] PluginManage:310 - Check plugin tools
2024-01-06 20:24:39,699 [INFO] IntegrityCheckThread:86 - entering critical section [integrity check]
2024-01-06 20:24:39,699 [INFO] ThirdPartyUpdaterWithRetryManager:70 - Updater plugin not ready yet. [1/15]
2024-01-06 20:24:39,701 [INFO] PluginManage:359 - Loaded plugin tools (category:base,tabindex:7)
2024-01-06 20:24:39,701 [INFO] PluginManage:310 - Check plugin tutovideos
2024-01-06 20:24:39,910 [INFO] PluginManage:359 - Loaded plugin tutovideos (category:base,tabindex:-1)
2024-01-06 20:24:39,910 [INFO] PluginManage:310 - Check plugin updater
2024-01-06 20:24:39,919 [INFO] PluginManage:359 - Loaded plugin updater (category:base,tabindex:12)
2024-01-06 20:24:39,919 [INFO] PluginManage:310 - Check plugin userauth
2024-01-06 20:24:39,923 [INFO] UserAuth:113 - Init User Auth plugin
2024-01-06 20:24:39,923 [INFO] PluginManage:359 - Loaded plugin userauth (category:base,tabindex:14)
2024-01-06 20:24:39,924 [INFO] PluginManage:283 - PluginManage : Loaded plugins [17]
2024-01-06 20:24:40,120 [INFO] PinOutPanel:1499 - setPackage(No Configuration,No Configuration)
2024-01-06 20:24:40,242 [INFO] CADModel:165 - CPN selected for project level
2024-01-06 20:24:40,242 [INFO] CADModel:114 - Register for checkConnection events
2024-01-06 20:24:40,255 [INFO] IPUIPlugin:80 - create IPUIPlugin
2024-01-06 20:24:40,255 [INFO] PluginManager:220 - loadIPPluginJar : add adc
2024-01-06 20:24:40,257 [INFO] IPUIPlugin:80 - create IPUIPlugin
2024-01-06 20:24:40,257 [INFO] PluginManager:220 - loadIPPluginJar : add aes
2024-01-06 20:24:40,259 [INFO] IPUIPlugin:80 - create IPUIPlugin
2024-01-06 20:24:40,259 [INFO] PluginManager:220 - loadIPPluginJar : add can
2024-01-06 20:24:40,261 [INFO] IPUIPlugin:80 - create IPUIPlugin
2024-01-06 20:24:40,261 [INFO] PluginManager:220 - loadIPPluginJar : add comp
2024-01-06 20:24:40,263 [INFO] IPUIPlugin:80 - create IPUIPlugin
2024-01-06 20:24:40,263 [INFO] PluginManager:220 - loadIPPluginJar : add cryp
2024-01-06 20:24:40,265 [INFO] IPUIPlugin:80 - create IPUIPlugin
2024-01-06 20:24:40,265 [INFO] PluginManager:220 - loadIPPluginJar : add dfsdm
2024-01-06 20:24:40,269 [INFO] IPUIPlugin:80 - create IPUIPlugin
2024-01-06 20:24:40,270 [INFO] PluginManager:220 - loadIPPluginJar : add dma
2024-01-06 20:24:40,272 [INFO] IPUIPlugin:80 - create IPUIPlugin
2024-01-06 20:24:40,272 [INFO] PluginManager:220 - loadIPPluginJar : add dma3
2024-01-06 20:24:40,273 [INFO] IPUIPlugin:80 - create IPUIPlugin
2024-01-06 20:24:40,273 [INFO] PluginManager:220 - loadIPPluginJar : add fatfs
2024-01-06 20:24:40,276 [INFO] IPUIPlugin:80 - create IPUIPlugin
2024-01-06 20:24:40,276 [INFO] PluginManager:220 - loadIPPluginJar : add fmc
2024-01-06 20:24:40,280 [INFO] IPUIPlugin:80 - create IPUIPlugin
2024-01-06 20:24:40,281 [INFO] PluginManager:220 - loadIPPluginJar : add freertos
2024-01-06 20:24:40,282 [INFO] IPUIPlugin:80 - create IPUIPlugin
2024-01-06 20:24:40,282 [INFO] PluginManager:220 - loadIPPluginJar : add genericplugin
2024-01-06 20:24:40,283 [INFO] IPUIPlugin:80 - create IPUIPlugin
2024-01-06 20:24:40,283 [INFO] PluginManager:220 - loadIPPluginJar : add gfxmmu
2024-01-06 20:24:40,287 [INFO] IPUIPlugin:80 - create IPUIPlugin
2024-01-06 20:24:40,287 [INFO] PluginManager:220 - loadIPPluginJar : add gic
2024-01-06 20:24:40,290 [INFO] IPUIPlugin:80 - create IPUIPlugin
2024-01-06 20:24:40,291 [INFO] PluginManager:220 - loadIPPluginJar : add gpio
2024-01-06 20:24:40,293 [INFO] IPUIPlugin:80 - create IPUIPlugin
2024-01-06 20:24:40,293 [INFO] PluginManager:220 - loadIPPluginJar : add gtzc
2024-01-06 20:24:40,294 [INFO] IPUIPlugin:80 - create IPUIPlugin
2024-01-06 20:24:40,294 [INFO] PluginManager:220 - loadIPPluginJar : add hash
2024-01-06 20:24:40,296 [INFO] IPUIPlugin:80 - create IPUIPlugin
2024-01-06 20:24:40,296 [INFO] PluginManager:220 - loadIPPluginJar : add i2c
2024-01-06 20:24:40,298 [INFO] IPUIPlugin:80 - create IPUIPlugin
2024-01-06 20:24:40,298 [INFO] PluginManager:220 - loadIPPluginJar : add i2s
2024-01-06 20:24:40,300 [INFO] IPUIPlugin:80 - create IPUIPlugin
2024-01-06 20:24:40,300 [INFO] PluginManager:220 - loadIPPluginJar : add i3c
2024-01-06 20:24:40,303 [INFO] IPUIPlugin:80 - create IPUIPlugin
2024-01-06 20:24:40,303 [INFO] PluginManager:220 - loadIPPluginJar : add ipddr
2024-01-06 20:24:40,309 [INFO] IPUIPlugin:80 - create IPUIPlugin
2024-01-06 20:24:40,309 [INFO] PluginManager:220 - loadIPPluginJar : add linkedlist
2024-01-06 20:24:40,311 [INFO] IPUIPlugin:80 - create IPUIPlugin
2024-01-06 20:24:40,311 [INFO] PluginManager:220 - loadIPPluginJar : add lorawan
2024-01-06 20:24:40,312 [INFO] IPUIPlugin:80 - create IPUIPlugin
2024-01-06 20:24:40,312 [INFO] PluginManager:220 - loadIPPluginJar : add ltdc
2024-01-06 20:24:40,316 [INFO] IPUIPlugin:80 - create IPUIPlugin
2024-01-06 20:24:40,317 [INFO] PluginManager:220 - loadIPPluginJar : add mdma
2024-01-06 20:24:40,319 [INFO] IPUIPlugin:80 - create IPUIPlugin
2024-01-06 20:24:40,319 [INFO] PluginManager:220 - loadIPPluginJar : add nvic
2024-01-06 20:24:40,321 [INFO] IPUIPlugin:80 - create IPUIPlugin
2024-01-06 20:24:40,322 [INFO] PluginManager:220 - loadIPPluginJar : add opamp
2024-01-06 20:24:40,324 [INFO] IPUIPlugin:80 - create IPUIPlugin
2024-01-06 20:24:40,324 [INFO] PluginManager:220 - loadIPPluginJar : add openamp
2024-01-06 20:24:40,326 [INFO] IPUIPlugin:80 - create IPUIPlugin
2024-01-06 20:24:40,326 [INFO] PluginManager:220 - loadIPPluginJar : add pdm2pcm
2024-01-06 20:24:40,331 [INFO] IPUIPlugin:80 - create IPUIPlugin
2024-01-06 20:24:40,333 [INFO] PluginManager:220 - loadIPPluginJar : add plateformsettings
2024-01-06 20:24:40,334 [INFO] IPUIPlugin:80 - create IPUIPlugin
2024-01-06 20:24:40,334 [INFO] PluginManager:220 - loadIPPluginJar : add quadspi
2024-01-06 20:24:40,337 [INFO] IPUIPlugin:80 - create IPUIPlugin
2024-01-06 20:24:40,337 [INFO] PluginManager:220 - loadIPPluginJar : add resmgrutility
2024-01-06 20:24:40,339 [INFO] IPUIPlugin:80 - create IPUIPlugin
2024-01-06 20:24:40,339 [INFO] PluginManager:220 - loadIPPluginJar : add sai
2024-01-06 20:24:40,341 [INFO] IPUIPlugin:80 - create IPUIPlugin
2024-01-06 20:24:40,341 [INFO] PluginManager:220 - loadIPPluginJar : add spi
2024-01-06 20:24:40,345 [INFO] IPUIPlugin:80 - create IPUIPlugin
2024-01-06 20:24:40,345 [INFO] PluginManager:220 - loadIPPluginJar : add stm32_wpan
2024-01-06 20:24:40,347 [INFO] IPUIPlugin:80 - create IPUIPlugin
2024-01-06 20:24:40,347 [INFO] PluginManager:220 - loadIPPluginJar : add tim
2024-01-06 20:24:40,349 [INFO] IPUIPlugin:80 - create IPUIPlugin
2024-01-06 20:24:40,350 [INFO] PluginManager:220 - loadIPPluginJar : add touchsensing
2024-01-06 20:24:40,351 [INFO] IPUIPlugin:80 - create IPUIPlugin
2024-01-06 20:24:40,352 [INFO] PluginManager:220 - loadIPPluginJar : add tracer_emb
2024-01-06 20:24:40,353 [INFO] IPUIPlugin:80 - create IPUIPlugin
2024-01-06 20:24:40,353 [INFO] PluginManager:220 - loadIPPluginJar : add ts
2024-01-06 20:24:40,354 [INFO] IPUIPlugin:80 - create IPUIPlugin
2024-01-06 20:24:40,355 [INFO] PluginManager:220 - loadIPPluginJar : add tsc
2024-01-06 20:24:40,356 [INFO] IPUIPlugin:80 - create IPUIPlugin
2024-01-06 20:24:40,356 [INFO] PluginManager:220 - loadIPPluginJar : add ucpd
2024-01-06 20:24:40,359 [INFO] IPUIPlugin:80 - create IPUIPlugin
2024-01-06 20:24:40,359 [INFO] PluginManager:220 - loadIPPluginJar : add usart
2024-01-06 20:24:40,361 [INFO] IPUIPlugin:80 - create IPUIPlugin
2024-01-06 20:24:40,361 [INFO] PluginManager:220 - loadIPPluginJar : add usbx
2024-01-06 20:24:40,486 [INFO] CADModel:165 - CPN selected for project level
2024-01-06 20:24:40,486 [INFO] CADModel:114 - Register for checkConnection events
2024-01-06 20:24:40,486 [FATAL] Updater:308 - Updater called before beeing initialized
2024-01-06 20:24:40,486 [ERROR] CADModel:125 - Updater not yet initialized, retry later 
2024-01-06 20:24:40,609 [INFO] CADModel:165 - CPN selected for project level
2024-01-06 20:24:40,609 [INFO] CADModel:114 - Register for checkConnection events
2024-01-06 20:24:40,609 [FATAL] Updater:308 - Updater called before beeing initialized
2024-01-06 20:24:40,610 [ERROR] CADModel:125 - Updater not yet initialized, retry later 
2024-01-06 20:24:40,613 [FATAL] Updater:308 - Updater called before beeing initialized
2024-01-06 20:24:40,717 [FATAL] Updater:308 - Updater called before beeing initialized
2024-01-06 20:24:40,722 [INFO] DbMcusAds:53 - JSON generation date=Wed Nov 29 04:52:27 CST 2023 (1701255147349)
2024-01-06 20:24:40,722 [FATAL] Updater:308 - Updater called before beeing initialized
2024-01-06 20:24:40,760 [WARN] DetailPanel:346 - Failed to get advertising image, set to default
2024-01-06 20:24:40,864 [FATAL] Updater:308 - Updater called before beeing initialized
2024-01-06 20:24:40,866 [FATAL] Updater:308 - Updater called before beeing initialized
2024-01-06 20:24:40,866 [FATAL] Updater:308 - Updater called before beeing initialized
2024-01-06 20:24:40,866 [WARN] DetailPanel:346 - Failed to get advertising image, set to default
2024-01-06 20:24:40,867 [FATAL] Updater:308 - Updater called before beeing initialized
2024-01-06 20:24:40,907 [ERROR] Updater:1120 - MainUpdater not yet initialized. External WinMGr cannot be set.
2024-01-06 20:24:40,908 [INFO] Updater:1056 - Updater Version found : 6.9.2
2024-01-06 20:24:40,925 [INFO] ApplicationProperties:184 - Using Application install path: E:\stIDE\STM32CubeIDE_1.13.2\STM32CubeIDE\plugins\com.st.stm32cube.common.mx_6.9.2.202309101412
2024-01-06 20:24:41,333 [INFO] MainUpdater:2868 - connection check result : 10
2024-01-06 20:24:41,333 [INFO] MainUpdater:3562 - Updater definition file requires update
2024-01-06 20:24:41,334 [INFO] MainUpdater:285 - Updater Check For Update Now.
2024-01-06 20:24:41,334 [INFO] MicroXplorer:498 - Change Database Version : DB.6.0.92
2024-01-06 20:24:41,342 [INFO] McuFinderGlobals:63 - Set McuFinder mode to 2 (CubeIDE integrated)
2024-01-06 20:24:41,459 [INFO] ServerAccessManage:473 - Download File updaters.zip
2024-01-06 20:24:42,382 [INFO] FileExtend:240 - Unzip File : updaters.zip
2024-01-06 20:24:42,382 [INFO] FileExtend:255 - Standard Zip Deflate
2024-01-06 20:24:42,702 [WARN] MainUpdater:1189 - Updater busy. Cannot search thirdparties
2024-01-06 20:24:42,703 [INFO] ThirdPartyUpdaterWithRetryManager:96 - Updater plugin is busy. [1/15]
2024-01-06 20:24:43,323 [INFO] ServerAccessManage:473 - Download File PacksControlFlags.xml
2024-01-06 20:24:43,696 [INFO] ServerAccessManage:473 - Download File cubemx.pidx
2024-01-06 20:24:44,019 [INFO] LoadServerUpdatesThread:373 - End of LoadServerUpdate Thread
2024-01-06 20:24:44,193 [INFO] CheckServerUpdateThread:120 - End of CheckServer Thread
2024-01-06 20:24:45,973 [WARN] PackLoader:240 - Cannot read IP mode file for STMicroelectronics.X-CUBE-SMBUS.2.1.0
2024-01-06 20:24:46,015 [WARN] PackLoader:240 - Cannot read IP mode file for STMicroelectronics.X-CUBE-AZRTOS-F7.1.1.0
2024-01-06 20:24:46,033 [WARN] PackLoader:240 - Cannot read IP mode file for STMicroelectronics.FP-SNS-MOTENV1.4.3.2
2024-01-06 20:24:46,048 [WARN] PackLoader:240 - Cannot read IP mode file for STMicroelectronics.FP-SNS-FLIGHT1.5.0.2
2024-01-06 20:24:46,065 [WARN] PackLoader:240 - Cannot read IP mode file for STMicroelectronics.X-CUBE-DISPLAY.3.0.0
2024-01-06 20:24:46,086 [WARN] PackLoader:240 - Cannot read IP mode file for STMicroelectronics.X-CUBE-BLE1.7.0.0
2024-01-06 20:24:46,101 [WARN] PackLoader:240 - Cannot read IP mode file for emotas.I-CUBE-CANOPEN.1.3.0
2024-01-06 20:24:46,122 [WARN] PackLoader:240 - Cannot read IP mode file for STMicroelectronics.X-CUBE-TOUCHGFX.4.22.1
2024-01-06 20:24:46,138 [WARN] PackLoader:240 - Cannot read IP mode file for STMicroelectronics.FP-SNS-SMARTAG2.1.2.0
2024-01-06 20:24:46,164 [INFO] LogOutputStream:77 - [STDOUT_REDIRECT] 1 : Invalid condition id : UX_CORESTACK_Condition cause : null
2024-01-06 20:24:46,164 [INFO] LogOutputStream:77 - [STDOUT_REDIRECT] 1 : Invalid condition id : UX_CORESTACK_Condition cause : null
2024-01-06 20:24:46,166 [INFO] LogOutputStream:77 - [STDOUT_REDIRECT] 1 : Invalid condition id : UX_CORESTACK_Condition cause : null
2024-01-06 20:24:46,167 [INFO] LogOutputStream:77 - [STDOUT_REDIRECT] 1 : Invalid condition id : UX_CORESTACK_Condition cause : null
2024-01-06 20:24:46,168 [INFO] LogOutputStream:77 - [STDOUT_REDIRECT] 1 : Invalid condition id : UX_CORESTACK_Condition cause : null
2024-01-06 20:24:46,173 [WARN] PackLoader:240 - Cannot read IP mode file for STMicroelectronics.X-CUBE-AZRTOS-WL.2.0.0
2024-01-06 20:24:46,191 [WARN] PackLoader:240 - Cannot read IP mode file for WES.I-CUBE-Cesium.1.3.0
2024-01-06 20:24:46,206 [WARN] PackLoader:240 - Cannot read IP mode file for STMicroelectronics.X-CUBE-BLE2.3.3.0
2024-01-06 20:24:46,223 [WARN] PackLoader:240 - Cannot read IP mode file for STMicroelectronics.X-CUBE-ALGOBUILD.1.3.0
2024-01-06 20:24:46,341 [WARN] PackLoader:240 - Cannot read IP mode file for STMicroelectronics.X-CUBE-AZRTOS-G0.1.1.0
2024-01-06 20:24:46,364 [WARN] PackLoader:240 - Cannot read IP mode file for STMicroelectronics.X-CUBE-NFC4.3.0.0
2024-01-06 20:24:46,387 [WARN] PackLoader:240 - Cannot read IP mode file for STMicroelectronics.X-CUBE-BLEMGR.3.0.0
2024-01-06 20:24:46,402 [WARN] PackLoader:240 - Cannot read IP mode file for STMicroelectronics.FP-ATR-SIGFOX1.3.2.0
2024-01-06 20:24:46,444 [WARN] PackLoader:240 - Cannot read IP mode file for SEGGER.I-CUBE-embOS.1.3.1
2024-01-06 20:24:46,504 [WARN] PackLoader:240 - Cannot read IP mode file for STMicroelectronics.X-CUBE-GNSS1.6.0.0
2024-01-06 20:24:46,543 [WARN] PackLoader:240 - Cannot read IP mode file for STMicroelectronics.X-CUBE-AZRTOS-F4.1.1.0
2024-01-06 20:24:46,566 [WARN] PackLoader:240 - Cannot read IP mode file for wolfSSL.I-CUBE-wolfSSL.5.6.3
2024-01-06 20:24:46,606 [WARN] PackLoader:240 - Cannot read IP mode file for STMicroelectronics.X-CUBE-AZRTOS-L5.2.0.0
2024-01-06 20:24:46,672 [WARN] PackLoader:240 - Cannot read IP mode file for STMicroelectronics.X-CUBE-MEMS1.9.6.0
2024-01-06 20:24:46,894 [WARN] PackLoader:240 - Cannot read IP mode file for STMicroelectronics.X-CUBE-EEPRMA1.4.2.0
2024-01-06 20:24:46,913 [WARN] PackLoader:240 - Cannot read IP mode file for ITTIA_DB.I-CUBE-ITTIADB.8.8.0
2024-01-06 20:24:46,929 [WARN] PackLoader:240 - Cannot read IP mode file for STMicroelectronics.X-CUBE-BLEMGR.2.0.0
2024-01-06 20:24:46,968 [WARN] ConditionMgr:438 - getConditionDescription Invalid condition id : UX DEVICE CLASS RTOS Condition cause : null
2024-01-06 20:24:46,968 [WARN] ConditionMgr:438 - getConditionDescription Invalid condition id : UX DEVICE CLASS RTOS Condition cause : null
2024-01-06 20:24:46,972 [WARN] PackLoader:240 - Cannot read IP mode file for STMicroelectronics.X-CUBE-AZRTOS-H7.3.1.0
2024-01-06 20:24:46,973 [WARN] ConditionMgr:1039 - genDependencies : Invalid condition id : UX DEVICE CLASS RTOS Condition cause : null
2024-01-06 20:24:46,973 [WARN] ConditionMgr:1039 - genDependencies : Invalid condition id : UX DEVICE CLASS RTOS Condition cause : null
2024-01-06 20:24:46,974 [WARN] ConditionMgr:1039 - genDependencies : Invalid condition id : UX DEVICE CLASS RTOS Condition cause : null
2024-01-06 20:24:46,975 [WARN] ConditionMgr:1039 - genDependencies : Invalid condition id : UX DEVICE CLASS RTOS Condition cause : null
2024-01-06 20:24:46,975 [WARN] ConditionMgr:1039 - genDependencies : Invalid condition id : UX DEVICE CLASS RTOS Condition cause : null
2024-01-06 20:24:46,990 [WARN] PackLoader:240 - Cannot read IP mode file for STMicroelectronics.X-CUBE-NFC7.1.0.1
2024-01-06 20:24:47,006 [WARN] PackLoader:240 - Cannot read IP mode file for STMicroelectronics.X-CUBE-NFC6.3.0.0
2024-01-06 20:24:47,021 [WARN] PackLoader:240 - Cannot read IP mode file for STMicroelectronics.X-CUBE-EEPRMA1.4.1.0
2024-01-06 20:24:47,035 [WARN] PackLoader:240 - Cannot read IP mode file for STMicroelectronics.X-CUBE-AI.8.1.0
2024-01-06 20:24:47,066 [WARN] ConditionMgr:438 - getConditionDescription Invalid condition id : LAN8742 Phy interface Condition cause : null
2024-01-06 20:24:47,066 [WARN] PackLoader:240 - Cannot read IP mode file for STMicroelectronics.X-CUBE-AZRTOS-L4.2.0.0
2024-01-06 20:24:47,068 [WARN] ConditionMgr:1039 - genDependencies : Invalid condition id : LAN8742 Phy interface Condition cause : null
2024-01-06 20:24:47,068 [WARN] ConditionMgr:1039 - genDependencies : Invalid condition id : LAN8742 Phy interface Condition cause : null
2024-01-06 20:24:47,068 [WARN] ConditionMgr:1039 - genDependencies : Invalid condition id : LAN8742 Phy interface Condition cause : null
2024-01-06 20:24:47,084 [WARN] PackLoader:240 - Cannot read IP mode file for STMicroelectronics.X-CUBE-SFXS2LP1.4.0.0
2024-01-06 20:24:47,099 [WARN] PackLoader:240 - Cannot read IP mode file for STMicroelectronics.X-CUBE-ISPU.1.1.0
2024-01-06 20:24:47,124 [WARN] ConditionMgr:438 - getConditionDescription Invalid condition id : UX DEVICE CLASS RTOS Condition cause : null
2024-01-06 20:24:47,124 [WARN] ConditionMgr:438 - getConditionDescription Invalid condition id : UX DEVICE CLASS RTOS Condition cause : null
2024-01-06 20:24:47,126 [WARN] PackLoader:240 - Cannot read IP mode file for STMicroelectronics.X-CUBE-AZRTOS-WB.2.0.0
2024-01-06 20:24:47,127 [WARN] ConditionMgr:1039 - genDependencies : Invalid condition id : UX DEVICE CLASS RTOS Condition cause : null
2024-01-06 20:24:47,127 [WARN] ConditionMgr:1039 - genDependencies : Invalid condition id : UX DEVICE CLASS RTOS Condition cause : null
2024-01-06 20:24:47,128 [WARN] ConditionMgr:1039 - genDependencies : Invalid condition id : UX DEVICE CLASS RTOS Condition cause : null
2024-01-06 20:24:47,128 [WARN] ConditionMgr:1039 - genDependencies : Invalid condition id : UX DEVICE CLASS RTOS Condition cause : null
2024-01-06 20:24:47,128 [WARN] ConditionMgr:1039 - genDependencies : Invalid condition id : UX DEVICE CLASS RTOS Condition cause : null
2024-01-06 20:24:47,148 [WARN] PackLoader:240 - Cannot read IP mode file for STMicroelectronics.X-CUBE-SUBG2.5.0.0
2024-01-06 20:24:47,173 [WARN] PackLoader:240 - Cannot read IP mode file for STMicroelectronics.X-CUBE-TOF1.3.3.1
2024-01-06 20:24:47,211 [WARN] PackLoader:240 - Cannot read IP mode file for STMicroelectronics.X-CUBE-AZRTOS-G4.2.0.0
2024-01-06 20:24:47,249 [WARN] PackLoader:240 - Cannot read IP mode file for Infineon.AIROC-Wi-Fi-Bluetooth-STM32.1.5.1
2024-01-06 20:24:47,269 [WARN] PackLoader:240 - Cannot read IP mode file for STMicroelectronics.FP-SNS-MOTENVWB1.1.3.0
2024-01-06 20:24:47,285 [WARN] PackLoader:240 - Cannot read IP mode file for STMicroelectronics.FP-SNS-MOTENVWB1.1.3.1
2024-01-06 20:24:47,298 [WARN] PackLoader:240 - Cannot read IP mode file for STMicroelectronics.X-CUBE-ISPU.2.0.0
2024-01-06 20:24:47,351 [WARN] PackLoader:240 - Cannot read IP mode file for STMicroelectronics.X-CUBE-MEMS1.10.0.0
2024-01-06 20:24:47,488 [WARN] PackLoader:240 - Cannot read IP mode file for STMicroelectronics.X-CUBE-FREERTOS.1.1.0
2024-01-06 20:24:47,509 [WARN] PackLoader:240 - Cannot read IP mode file for portGmbH.I-Cube-SoM-uGOAL.1.1.0
2024-01-06 20:24:47,527 [WARN] PackLoader:240 - Cannot read IP mode file for STMicroelectronics.X-CUBE-ALS.1.0.1
2024-01-06 20:24:47,545 [WARN] PackLoader:240 - Cannot read IP mode file for STMicroelectronics.FP-ATR-ASTRA1.2.0.0
2024-01-06 20:24:47,571 [WARN] PackLoader:240 - Cannot read IP mode file for STMicroelectronics.X-CUBE-TOF1.3.4.0
2024-01-06 20:24:47,619 [WARN] PackLoader:240 - Cannot read IP mode file for STMicroelectronics.X-CUBE-AZRTOS-H7.3.2.0
2024-01-06 20:24:47,623 [INFO] ThirdParty:978 - Integrity check success = true
2024-01-06 20:24:47,623 [INFO] IntegrityCheckThread:100 - exiting critical section [integrity check]
2024-01-06 20:24:47,623 [INFO] IntegrityCheckThread:103 - End integrity checks thread
2024-01-06 20:25:03,297 [ERROR] LogOutputStream:75 - [STDERR_REDIRECT] SLF4J: Failed to load class "org.slf4j.impl.StaticLoggerBinder".
2024-01-06 20:25:03,297 [ERROR] LogOutputStream:75 - [STDERR_REDIRECT] SLF4J: Defaulting to no-operation (NOP) logger implementation
2024-01-06 20:25:03,298 [ERROR] LogOutputStream:75 - [STDERR_REDIRECT] SLF4J: See http://www.slf4j.org/codes.html#StaticLoggerBinder for further details.
