2024-01-12 19:32:34,332 [INFO] Activator:176 - 


2024-01-12 19:32:34,375 [INFO] Activator:177 - !SESSION log4j initialized
2024-01-12 19:32:44,794 [INFO] LogOutputStream:77 - [STDOUT_REDIRECT] 
2024-01-12 19:32:49,325 [INFO] ApplicationProperties:184 - Using Application install path: E:\stIDE\STM32CubeIDE_1.13.2\STM32CubeIDE\plugins\com.st.stm32cube.common.mx_6.9.2.202309101412
2024-01-12 19:32:49,366 [INFO] DbMcusXml:78 - Set database path to: E:\stIDE\STM32CubeIDE_1.13.2\STM32CubeIDE\plugins\com.st.stm32cube.common.mx_6.9.2.202309101412\\db\/mcu/
2024-01-12 19:32:49,367 [INFO] ApiDb:274 - Set plugin database path to: E:\stIDE\STM32CubeIDE_1.13.2\STM32CubeIDE\plugins\com.st.stm32cube.common.mx_6.9.2.202309101412\\db\/plugins/boardmanager/
2024-01-12 19:32:49,367 [WARN] ApiDb:259 - Overriding images path with different value:  => E:\stIDE\STM32CubeIDE_1.13.2\STM32CubeIDE\plugins\com.st.stm32cube.common.mx_6.9.2.202309101412\\db\/plugins/mcufinder/images/
2024-01-12 19:32:49,407 [INFO] ApiDb:250 - Set database path to: C:\Users\nessy\.stmcufinder\plugins\mcufinder//mcu/
2024-01-12 19:32:49,409 [INFO] DbMcusAds:125 - Set database path to: C:\Users\nessy\.stmcufinder\plugins\mcufinder//mcu/
2024-01-12 19:32:49,411 [INFO] CrossReferenceDbSqlite:203 - Set database path to: C:\Users\nessy\.stmcufinder\plugins\mcufinder//mcu/cs/
2024-01-12 19:32:49,605 [INFO] RulesReader:64 - Compatibility file has been processed (293 Rules)
2024-01-12 19:32:49,826 [INFO] DbMcusXml:78 - Set database path to: E:\stIDE\STM32CubeIDE_1.13.2\STM32CubeIDE\plugins\com.st.stm32cube.common.mx_6.9.2.202309101412\\db\/mcu/
2024-01-12 19:32:49,826 [INFO] ApiDb:274 - Set plugin database path to: E:\stIDE\STM32CubeIDE_1.13.2\STM32CubeIDE\plugins\com.st.stm32cube.common.mx_6.9.2.202309101412\\db\/plugins/boardmanager/
2024-01-12 19:32:49,826 [INFO] ApiDb:261 - Set plugin images path to: E:\stIDE\STM32CubeIDE_1.13.2\STM32CubeIDE\plugins\com.st.stm32cube.common.mx_6.9.2.202309101412\\db\/plugins/mcufinder/images/
2024-01-12 19:32:49,827 [WARN] DbFile:41 - Overriding database path with different value: C:\Users\nessy\.stmcufinder\plugins\mcufinder/ => C:\Users\nessy\.stmcufinder\plugins\mcufinder
2024-01-12 19:32:49,827 [INFO] ApiDb:250 - Set database path to: C:\Users\nessy\.stmcufinder\plugins\mcufinder//mcu/
2024-01-12 19:32:49,827 [WARN] DbFile:41 - Overriding database path with different value: C:\Users\nessy\.stmcufinder\plugins\mcufinder/ => C:\Users\nessy\.stmcufinder\plugins\mcufinder
2024-01-12 19:32:49,827 [INFO] DbMcusAds:125 - Set database path to: C:\Users\nessy\.stmcufinder\plugins\mcufinder//mcu/
2024-01-12 19:32:49,827 [WARN] DbFile:41 - Overriding database path with different value: C:\Users\nessy\.stmcufinder\plugins\mcufinder/ => C:\Users\nessy\.stmcufinder\plugins\mcufinder
2024-01-12 19:32:49,827 [WARN] DbFile:41 - Overriding database path with different value: C:\Users\nessy\.stmcufinder\plugins\mcufinder/ => C:\Users\nessy\.stmcufinder\plugins\mcufinder
2024-01-12 19:32:49,827 [INFO] CrossReferenceDbSqlite:203 - Set database path to: C:\Users\nessy\.stmcufinder\plugins\mcufinder//mcu/cs/
2024-01-12 19:32:49,989 [INFO] MainPanel:262 - HeapMemory: 268435456
2024-01-12 19:32:50,207 [INFO] DbMcusXml:78 - Set database path to: E:\stIDE\STM32CubeIDE_1.13.2\STM32CubeIDE\plugins\com.st.stm32cube.common.mx_6.9.2.202309101412\\db\/mcu/
2024-01-12 19:32:50,207 [INFO] ApiDb:274 - Set plugin database path to: E:\stIDE\STM32CubeIDE_1.13.2\STM32CubeIDE\plugins\com.st.stm32cube.common.mx_6.9.2.202309101412\\db\/plugins/boardmanager/
2024-01-12 19:32:50,207 [INFO] ApiDb:261 - Set plugin images path to: E:\stIDE\STM32CubeIDE_1.13.2\STM32CubeIDE\plugins\com.st.stm32cube.common.mx_6.9.2.202309101412\\db\/plugins/mcufinder/images/
2024-01-12 19:32:50,220 [WARN] DbFile:41 - Overriding database path with different value: C:\Users\nessy\.stmcufinder\plugins\mcufinder/ => C:\Users\nessy\.stmcufinder\plugins\mcufinder
2024-01-12 19:32:50,220 [INFO] ApiDb:250 - Set database path to: C:\Users\nessy\.stmcufinder\plugins\mcufinder//mcu/
2024-01-12 19:32:50,220 [WARN] DbFile:41 - Overriding database path with different value: C:\Users\nessy\.stmcufinder\plugins\mcufinder/ => C:\Users\nessy\.stmcufinder\plugins\mcufinder
2024-01-12 19:32:50,220 [INFO] DbMcusAds:125 - Set database path to: C:\Users\nessy\.stmcufinder\plugins\mcufinder//mcu/
2024-01-12 19:32:50,221 [WARN] DbFile:41 - Overriding database path with different value: C:\Users\nessy\.stmcufinder\plugins\mcufinder/ => C:\Users\nessy\.stmcufinder\plugins\mcufinder
2024-01-12 19:32:50,221 [WARN] DbFile:41 - Overriding database path with different value: C:\Users\nessy\.stmcufinder\plugins\mcufinder/ => C:\Users\nessy\.stmcufinder\plugins\mcufinder
2024-01-12 19:32:50,221 [INFO] CrossReferenceDbSqlite:203 - Set database path to: C:\Users\nessy\.stmcufinder\plugins\mcufinder//mcu/cs/
2024-01-12 19:32:50,244 [INFO] ApplicationProperties:184 - Using Application install path: E:\stIDE\STM32CubeIDE_1.13.2\STM32CubeIDE\plugins\com.st.stm32cube.common.mx_6.9.2.202309101412
2024-01-12 19:32:50,245 [INFO] PluginManage:196 - Search for loadable plugins [exclusion list=, ]
2024-01-12 19:32:50,246 [INFO] PluginManage:310 - Check plugin analytics
2024-01-12 19:32:50,491 [INFO] AnalyticsPlugin:253 - Accepted Software Licenses: 
2024-01-12 19:32:50,491 [INFO] AnalyticsPlugin:255 - Accepted CMSIS Pack Licenses: STMicroelectronics.X-CUBE-ALGOBUILD.1.3.0
2024-01-12 19:32:50,491 [INFO] AnalyticsPlugin:257 - Accepted Firmware Licenses: FW.H7.1.11.0
2024-01-12 19:32:50,493 [INFO] PluginManage:359 - Loaded plugin analytics (category:tool,tabindex:-1)
2024-01-12 19:32:50,494 [INFO] PluginManage:310 - Check plugin cadmodel
2024-01-12 19:32:50,550 [INFO] CADModel:105 - Init CAD model plugin
2024-01-12 19:32:50,550 [INFO] PluginManage:359 - Loaded plugin cadmodel (category:power,tabindex:5)
2024-01-12 19:32:50,550 [INFO] PluginManage:310 - Check plugin clock
2024-01-12 19:32:50,589 [INFO] PluginManage:359 - Loaded plugin clock (category:base,tabindex:2)
2024-01-12 19:32:50,589 [INFO] PluginManage:310 - Check plugin ddr
2024-01-12 19:32:50,599 [INFO] PluginManage:359 - Loaded plugin ddr (category:tool,tabindex:6)
2024-01-12 19:32:50,599 [INFO] PluginManage:310 - Check plugin filemanager
2024-01-12 19:32:50,970 [INFO] PluginManage:359 - Loaded plugin filemanager (category:base,tabindex:10)
2024-01-12 19:32:50,971 [INFO] PluginManage:310 - Check plugin ipmanager
2024-01-12 19:32:51,010 [INFO] PluginManage:359 - Loaded plugin ipmanager (category:base,tabindex:5)
2024-01-12 19:32:51,010 [INFO] PluginManage:310 - Check plugin lpbam
2024-01-12 19:32:51,063 [INFO] PluginManage:359 - Loaded plugin lpbam (category:base,tabindex:0)
2024-01-12 19:32:51,064 [INFO] PluginManage:310 - Check plugin memorymap
2024-01-12 19:32:51,111 [INFO] PluginManage:359 - Loaded plugin memorymap (category:base,tabindex:4)
2024-01-12 19:32:51,111 [INFO] PluginManage:310 - Check plugin pinoutandconfiguration
2024-01-12 19:32:51,152 [INFO] PluginManage:359 - Loaded plugin pinoutandconfiguration (category:base,tabindex:1)
2024-01-12 19:32:51,152 [INFO] PluginManage:310 - Check plugin pinoutconfig
2024-01-12 19:32:51,284 [WARN] SupportedApi:132 - Cannot load RTOS API schema: s4s-elt-must-match.1: The content of 'definitions' must match (annotation?, (simpleType | complexType)?, (unique | key | keyref)*)). A problem was found starting at: attribute.
2024-01-12 19:32:51,419 [INFO] PluginManage:359 - Loaded plugin pinoutconfig (category:base,tabindex:0)
2024-01-12 19:32:51,419 [INFO] PluginManage:310 - Check plugin power
2024-01-12 19:32:51,490 [INFO] PluginManage:359 - Loaded plugin power (category:power,tabindex:4)
2024-01-12 19:32:51,490 [INFO] PluginManage:310 - Check plugin projectmanager
2024-01-12 19:32:51,507 [INFO] PluginManage:359 - Loaded plugin projectmanager (category:projectmanager,tabindex:3)
2024-01-12 19:32:51,507 [INFO] PluginManage:310 - Check plugin thirdparty
2024-01-12 19:32:52,217 [INFO] PluginManage:359 - Loaded plugin thirdparty (category:base,tabindex:-1)
2024-01-12 19:32:52,217 [WARN] IntegrityCheckThread:84 - waiting for thirdparty lock release [integrity check]
2024-01-12 19:32:52,217 [INFO] PluginManage:310 - Check plugin tools
2024-01-12 19:32:52,217 [INFO] IntegrityCheckThread:86 - entering critical section [integrity check]
2024-01-12 19:32:52,218 [INFO] ThirdPartyUpdaterWithRetryManager:70 - Updater plugin not ready yet. [1/15]
2024-01-12 19:32:52,264 [INFO] PluginManage:359 - Loaded plugin tools (category:base,tabindex:7)
2024-01-12 19:32:52,264 [INFO] PluginManage:310 - Check plugin tutovideos
2024-01-12 19:32:52,587 [INFO] PluginManage:359 - Loaded plugin tutovideos (category:base,tabindex:-1)
2024-01-12 19:32:52,587 [INFO] PluginManage:310 - Check plugin updater
2024-01-12 19:32:52,626 [INFO] PluginManage:359 - Loaded plugin updater (category:base,tabindex:12)
2024-01-12 19:32:52,626 [INFO] PluginManage:310 - Check plugin userauth
2024-01-12 19:32:52,657 [INFO] UserAuth:113 - Init User Auth plugin
2024-01-12 19:32:52,657 [INFO] PluginManage:359 - Loaded plugin userauth (category:base,tabindex:14)
2024-01-12 19:32:52,657 [INFO] PluginManage:283 - PluginManage : Loaded plugins [17]
2024-01-12 19:32:53,116 [INFO] PinOutPanel:1499 - setPackage(No Configuration,No Configuration)
2024-01-12 19:32:53,283 [INFO] CADModel:165 - CPN selected for project level
2024-01-12 19:32:53,283 [INFO] CADModel:114 - Register for checkConnection events
2024-01-12 19:32:53,355 [INFO] IPUIPlugin:80 - create IPUIPlugin
2024-01-12 19:32:53,355 [INFO] PluginManager:220 - loadIPPluginJar : add adc
2024-01-12 19:32:53,425 [INFO] IPUIPlugin:80 - create IPUIPlugin
2024-01-12 19:32:53,425 [INFO] PluginManager:220 - loadIPPluginJar : add aes
2024-01-12 19:32:53,499 [INFO] IPUIPlugin:80 - create IPUIPlugin
2024-01-12 19:32:53,499 [INFO] PluginManager:220 - loadIPPluginJar : add can
2024-01-12 19:32:53,526 [INFO] IPUIPlugin:80 - create IPUIPlugin
2024-01-12 19:32:53,526 [INFO] PluginManager:220 - loadIPPluginJar : add comp
2024-01-12 19:32:53,558 [INFO] IPUIPlugin:80 - create IPUIPlugin
2024-01-12 19:32:53,558 [INFO] PluginManager:220 - loadIPPluginJar : add cryp
2024-01-12 19:32:53,588 [INFO] IPUIPlugin:80 - create IPUIPlugin
2024-01-12 19:32:53,588 [INFO] PluginManager:220 - loadIPPluginJar : add dfsdm
2024-01-12 19:32:53,617 [INFO] IPUIPlugin:80 - create IPUIPlugin
2024-01-12 19:32:53,617 [INFO] PluginManager:220 - loadIPPluginJar : add dma
2024-01-12 19:32:53,656 [INFO] IPUIPlugin:80 - create IPUIPlugin
2024-01-12 19:32:53,656 [INFO] PluginManager:220 - loadIPPluginJar : add dma3
2024-01-12 19:32:53,674 [INFO] IPUIPlugin:80 - create IPUIPlugin
2024-01-12 19:32:53,674 [INFO] PluginManager:220 - loadIPPluginJar : add fatfs
2024-01-12 19:32:53,715 [INFO] IPUIPlugin:80 - create IPUIPlugin
2024-01-12 19:32:53,715 [INFO] PluginManager:220 - loadIPPluginJar : add fmc
2024-01-12 19:32:53,739 [INFO] IPUIPlugin:80 - create IPUIPlugin
2024-01-12 19:32:53,740 [INFO] PluginManager:220 - loadIPPluginJar : add freertos
2024-01-12 19:32:53,759 [INFO] IPUIPlugin:80 - create IPUIPlugin
2024-01-12 19:32:53,759 [INFO] PluginManager:220 - loadIPPluginJar : add genericplugin
2024-01-12 19:32:53,846 [INFO] IPUIPlugin:80 - create IPUIPlugin
2024-01-12 19:32:53,846 [INFO] PluginManager:220 - loadIPPluginJar : add gfxmmu
2024-01-12 19:32:53,957 [INFO] IPUIPlugin:80 - create IPUIPlugin
2024-01-12 19:32:53,957 [INFO] PluginManager:220 - loadIPPluginJar : add gic
2024-01-12 19:32:53,980 [INFO] IPUIPlugin:80 - create IPUIPlugin
2024-01-12 19:32:53,981 [INFO] PluginManager:220 - loadIPPluginJar : add gpio
2024-01-12 19:32:54,078 [INFO] IPUIPlugin:80 - create IPUIPlugin
2024-01-12 19:32:54,078 [INFO] PluginManager:220 - loadIPPluginJar : add gtzc
2024-01-12 19:32:54,107 [INFO] IPUIPlugin:80 - create IPUIPlugin
2024-01-12 19:32:54,107 [INFO] PluginManager:220 - loadIPPluginJar : add hash
2024-01-12 19:32:54,155 [INFO] IPUIPlugin:80 - create IPUIPlugin
2024-01-12 19:32:54,155 [INFO] PluginManager:220 - loadIPPluginJar : add i2c
2024-01-12 19:32:54,188 [INFO] IPUIPlugin:80 - create IPUIPlugin
2024-01-12 19:32:54,188 [INFO] PluginManager:220 - loadIPPluginJar : add i2s
2024-01-12 19:32:54,236 [INFO] IPUIPlugin:80 - create IPUIPlugin
2024-01-12 19:32:54,236 [INFO] PluginManager:220 - loadIPPluginJar : add i3c
2024-01-12 19:32:54,338 [INFO] IPUIPlugin:80 - create IPUIPlugin
2024-01-12 19:32:54,338 [INFO] PluginManager:220 - loadIPPluginJar : add ipddr
2024-01-12 19:32:54,418 [INFO] IPUIPlugin:80 - create IPUIPlugin
2024-01-12 19:32:54,418 [INFO] PluginManager:220 - loadIPPluginJar : add linkedlist
2024-01-12 19:32:54,449 [INFO] IPUIPlugin:80 - create IPUIPlugin
2024-01-12 19:32:54,449 [INFO] PluginManager:220 - loadIPPluginJar : add lorawan
2024-01-12 19:32:54,485 [INFO] IPUIPlugin:80 - create IPUIPlugin
2024-01-12 19:32:54,486 [INFO] PluginManager:220 - loadIPPluginJar : add ltdc
2024-01-12 19:32:54,514 [INFO] IPUIPlugin:80 - create IPUIPlugin
2024-01-12 19:32:54,515 [INFO] PluginManager:220 - loadIPPluginJar : add mdma
2024-01-12 19:32:54,534 [INFO] IPUIPlugin:80 - create IPUIPlugin
2024-01-12 19:32:54,534 [INFO] PluginManager:220 - loadIPPluginJar : add nvic
2024-01-12 19:32:54,567 [INFO] IPUIPlugin:80 - create IPUIPlugin
2024-01-12 19:32:54,567 [INFO] PluginManager:220 - loadIPPluginJar : add opamp
2024-01-12 19:32:54,621 [INFO] IPUIPlugin:80 - create IPUIPlugin
2024-01-12 19:32:54,621 [INFO] PluginManager:220 - loadIPPluginJar : add openamp
2024-01-12 19:32:54,658 [INFO] IPUIPlugin:80 - create IPUIPlugin
2024-01-12 19:32:54,658 [INFO] PluginManager:220 - loadIPPluginJar : add pdm2pcm
2024-01-12 19:32:54,680 [INFO] IPUIPlugin:80 - create IPUIPlugin
2024-01-12 19:32:54,681 [INFO] PluginManager:220 - loadIPPluginJar : add plateformsettings
2024-01-12 19:32:54,701 [INFO] IPUIPlugin:80 - create IPUIPlugin
2024-01-12 19:32:54,701 [INFO] PluginManager:220 - loadIPPluginJar : add quadspi
2024-01-12 19:32:54,724 [INFO] IPUIPlugin:80 - create IPUIPlugin
2024-01-12 19:32:54,724 [INFO] PluginManager:220 - loadIPPluginJar : add resmgrutility
2024-01-12 19:32:54,801 [INFO] IPUIPlugin:80 - create IPUIPlugin
2024-01-12 19:32:54,801 [INFO] PluginManager:220 - loadIPPluginJar : add sai
2024-01-12 19:32:54,836 [INFO] IPUIPlugin:80 - create IPUIPlugin
2024-01-12 19:32:54,836 [INFO] PluginManager:220 - loadIPPluginJar : add spi
2024-01-12 19:32:54,905 [INFO] IPUIPlugin:80 - create IPUIPlugin
2024-01-12 19:32:54,905 [INFO] PluginManager:220 - loadIPPluginJar : add stm32_wpan
2024-01-12 19:32:54,928 [INFO] IPUIPlugin:80 - create IPUIPlugin
2024-01-12 19:32:54,929 [INFO] PluginManager:220 - loadIPPluginJar : add tim
2024-01-12 19:32:54,984 [INFO] IPUIPlugin:80 - create IPUIPlugin
2024-01-12 19:32:54,984 [INFO] PluginManager:220 - loadIPPluginJar : add touchsensing
2024-01-12 19:32:55,007 [INFO] IPUIPlugin:80 - create IPUIPlugin
2024-01-12 19:32:55,007 [INFO] PluginManager:220 - loadIPPluginJar : add tracer_emb
2024-01-12 19:32:55,030 [INFO] IPUIPlugin:80 - create IPUIPlugin
2024-01-12 19:32:55,031 [INFO] PluginManager:220 - loadIPPluginJar : add ts
2024-01-12 19:32:55,052 [INFO] IPUIPlugin:80 - create IPUIPlugin
2024-01-12 19:32:55,052 [INFO] PluginManager:220 - loadIPPluginJar : add tsc
2024-01-12 19:32:55,074 [INFO] IPUIPlugin:80 - create IPUIPlugin
2024-01-12 19:32:55,074 [INFO] PluginManager:220 - loadIPPluginJar : add ucpd
2024-01-12 19:32:55,119 [INFO] IPUIPlugin:80 - create IPUIPlugin
2024-01-12 19:32:55,119 [INFO] PluginManager:220 - loadIPPluginJar : add usart
2024-01-12 19:32:55,156 [INFO] IPUIPlugin:80 - create IPUIPlugin
2024-01-12 19:32:55,156 [INFO] PluginManager:220 - loadIPPluginJar : add usbx
2024-01-12 19:32:55,221 [INFO] ThirdPartyUpdaterWithRetryManager:70 - Updater plugin not ready yet. [2/15]
2024-01-12 19:32:55,283 [INFO] CADModel:165 - CPN selected for project level
2024-01-12 19:32:55,284 [INFO] CADModel:114 - Register for checkConnection events
2024-01-12 19:32:55,284 [FATAL] Updater:308 - Updater called before beeing initialized
2024-01-12 19:32:55,284 [ERROR] CADModel:125 - Updater not yet initialized, retry later 
2024-01-12 19:32:55,598 [INFO] CADModel:165 - CPN selected for project level
2024-01-12 19:32:55,598 [INFO] CADModel:114 - Register for checkConnection events
2024-01-12 19:32:55,598 [FATAL] Updater:308 - Updater called before beeing initialized
2024-01-12 19:32:55,598 [ERROR] CADModel:125 - Updater not yet initialized, retry later 
2024-01-12 19:32:55,624 [FATAL] Updater:308 - Updater called before beeing initialized
2024-01-12 19:32:55,764 [FATAL] Updater:308 - Updater called before beeing initialized
2024-01-12 19:32:55,774 [INFO] DbMcusAds:53 - JSON generation date=Wed Nov 29 04:52:27 CST 2023 (1701255147349)
2024-01-12 19:32:55,775 [FATAL] Updater:308 - Updater called before beeing initialized
2024-01-12 19:32:55,905 [WARN] DetailPanel:346 - Failed to get advertising image, set to default
2024-01-12 19:32:56,002 [FATAL] Updater:308 - Updater called before beeing initialized
2024-01-12 19:32:56,004 [FATAL] Updater:308 - Updater called before beeing initialized
2024-01-12 19:32:56,004 [FATAL] Updater:308 - Updater called before beeing initialized
2024-01-12 19:32:56,004 [WARN] DetailPanel:346 - Failed to get advertising image, set to default
2024-01-12 19:32:56,005 [FATAL] Updater:308 - Updater called before beeing initialized
2024-01-12 19:32:56,088 [ERROR] Updater:1120 - MainUpdater not yet initialized. External WinMGr cannot be set.
2024-01-12 19:32:56,121 [INFO] Updater:1056 - Updater Version found : 6.9.2
2024-01-12 19:32:56,138 [INFO] ApplicationProperties:184 - Using Application install path: E:\stIDE\STM32CubeIDE_1.13.2\STM32CubeIDE\plugins\com.st.stm32cube.common.mx_6.9.2.202309101412
2024-01-12 19:32:56,540 [INFO] MainUpdater:2868 - connection check result : 10
2024-01-12 19:32:56,540 [INFO] MainUpdater:3562 - Updater definition file requires update
2024-01-12 19:32:56,542 [INFO] MainUpdater:285 - Updater Check For Update Now.
2024-01-12 19:32:56,542 [INFO] MicroXplorer:498 - Change Database Version : DB.6.0.92
2024-01-12 19:32:56,615 [INFO] McuFinderGlobals:63 - Set McuFinder mode to 2 (CubeIDE integrated)
2024-01-12 19:32:57,865 [INFO] ServerAccessManage:473 - Download File updaters.zip
2024-01-12 19:32:58,223 [WARN] MainUpdater:1189 - Updater busy. Cannot search thirdparties
2024-01-12 19:32:58,223 [INFO] ThirdPartyUpdaterWithRetryManager:96 - Updater plugin is busy. [1/15]
2024-01-12 19:32:58,310 [INFO] FileExtend:240 - Unzip File : updaters.zip
2024-01-12 19:32:58,311 [INFO] FileExtend:255 - Standard Zip Deflate
2024-01-12 19:32:59,559 [INFO] ServerAccessManage:473 - Download File PacksControlFlags.xml
2024-01-12 19:33:00,546 [INFO] ServerAccessManage:473 - Download File cubemx.pidx
2024-01-12 19:33:00,800 [INFO] LoadServerUpdatesThread:373 - End of LoadServerUpdate Thread
2024-01-12 19:33:01,005 [INFO] CheckServerUpdateThread:120 - End of CheckServer Thread
2024-01-12 19:33:01,607 [WARN] PackLoader:240 - Cannot read IP mode file for STMicroelectronics.X-CUBE-SMBUS.2.1.0
2024-01-12 19:33:01,657 [WARN] PackLoader:240 - Cannot read IP mode file for STMicroelectronics.X-CUBE-AZRTOS-F7.1.1.0
2024-01-12 19:33:01,679 [WARN] PackLoader:240 - Cannot read IP mode file for STMicroelectronics.FP-SNS-MOTENV1.4.3.2
2024-01-12 19:33:01,699 [WARN] PackLoader:240 - Cannot read IP mode file for STMicroelectronics.FP-SNS-FLIGHT1.5.0.2
2024-01-12 19:33:01,722 [WARN] PackLoader:240 - Cannot read IP mode file for STMicroelectronics.X-CUBE-DISPLAY.3.0.0
2024-01-12 19:33:01,749 [WARN] PackLoader:240 - Cannot read IP mode file for STMicroelectronics.X-CUBE-BLE1.7.0.0
2024-01-12 19:33:01,763 [WARN] PackLoader:240 - Cannot read IP mode file for emotas.I-CUBE-CANOPEN.1.3.0
2024-01-12 19:33:01,874 [WARN] PackLoader:240 - Cannot read IP mode file for STMicroelectronics.X-CUBE-TOUCHGFX.4.22.1
2024-01-12 19:33:01,886 [WARN] PackLoader:240 - Cannot read IP mode file for STMicroelectronics.FP-SNS-SMARTAG2.1.2.0
2024-01-12 19:33:01,905 [INFO] LogOutputStream:77 - [STDOUT_REDIRECT] 1 : Invalid condition id : UX_CORESTACK_Condition cause : null
2024-01-12 19:33:01,906 [INFO] LogOutputStream:77 - [STDOUT_REDIRECT] 1 : Invalid condition id : UX_CORESTACK_Condition cause : null
2024-01-12 19:33:01,907 [INFO] LogOutputStream:77 - [STDOUT_REDIRECT] 1 : Invalid condition id : UX_CORESTACK_Condition cause : null
2024-01-12 19:33:01,909 [INFO] LogOutputStream:77 - [STDOUT_REDIRECT] 1 : Invalid condition id : UX_CORESTACK_Condition cause : null
2024-01-12 19:33:01,909 [INFO] LogOutputStream:77 - [STDOUT_REDIRECT] 1 : Invalid condition id : UX_CORESTACK_Condition cause : null
2024-01-12 19:33:01,913 [WARN] PackLoader:240 - Cannot read IP mode file for STMicroelectronics.X-CUBE-AZRTOS-WL.2.0.0
2024-01-12 19:33:01,930 [WARN] PackLoader:240 - Cannot read IP mode file for WES.I-CUBE-Cesium.1.3.0
2024-01-12 19:33:01,944 [WARN] PackLoader:240 - Cannot read IP mode file for STMicroelectronics.X-CUBE-BLE2.3.3.0
2024-01-12 19:33:01,961 [WARN] PackLoader:240 - Cannot read IP mode file for STMicroelectronics.X-CUBE-ALGOBUILD.1.3.0
2024-01-12 19:33:02,075 [WARN] PackLoader:240 - Cannot read IP mode file for STMicroelectronics.X-CUBE-AZRTOS-G0.1.1.0
2024-01-12 19:33:02,091 [WARN] PackLoader:240 - Cannot read IP mode file for STMicroelectronics.X-CUBE-NFC4.3.0.0
2024-01-12 19:33:02,109 [WARN] PackLoader:240 - Cannot read IP mode file for STMicroelectronics.X-CUBE-BLEMGR.3.0.0
2024-01-12 19:33:02,122 [WARN] PackLoader:240 - Cannot read IP mode file for STMicroelectronics.FP-ATR-SIGFOX1.3.2.0
2024-01-12 19:33:02,157 [WARN] PackLoader:240 - Cannot read IP mode file for SEGGER.I-CUBE-embOS.1.3.1
2024-01-12 19:33:02,199 [WARN] PackLoader:240 - Cannot read IP mode file for STMicroelectronics.X-CUBE-GNSS1.6.0.0
2024-01-12 19:33:02,229 [WARN] PackLoader:240 - Cannot read IP mode file for STMicroelectronics.X-CUBE-AZRTOS-F4.1.1.0
2024-01-12 19:33:02,244 [WARN] PackLoader:240 - Cannot read IP mode file for wolfSSL.I-CUBE-wolfSSL.5.6.3
2024-01-12 19:33:02,274 [WARN] PackLoader:240 - Cannot read IP mode file for STMicroelectronics.X-CUBE-AZRTOS-L5.2.0.0
2024-01-12 19:33:02,323 [WARN] PackLoader:240 - Cannot read IP mode file for STMicroelectronics.X-CUBE-MEMS1.9.6.0
2024-01-12 19:33:02,477 [WARN] PackLoader:240 - Cannot read IP mode file for STMicroelectronics.X-CUBE-EEPRMA1.4.2.0
2024-01-12 19:33:02,493 [WARN] PackLoader:240 - Cannot read IP mode file for ITTIA_DB.I-CUBE-ITTIADB.8.8.0
2024-01-12 19:33:02,509 [WARN] PackLoader:240 - Cannot read IP mode file for STMicroelectronics.X-CUBE-BLEMGR.2.0.0
2024-01-12 19:33:02,539 [WARN] ConditionMgr:438 - getConditionDescription Invalid condition id : UX DEVICE CLASS RTOS Condition cause : null
2024-01-12 19:33:02,540 [WARN] ConditionMgr:438 - getConditionDescription Invalid condition id : UX DEVICE CLASS RTOS Condition cause : null
2024-01-12 19:33:02,542 [WARN] PackLoader:240 - Cannot read IP mode file for STMicroelectronics.X-CUBE-AZRTOS-H7.3.1.0
2024-01-12 19:33:02,544 [WARN] ConditionMgr:1039 - genDependencies : Invalid condition id : UX DEVICE CLASS RTOS Condition cause : null
2024-01-12 19:33:02,544 [WARN] ConditionMgr:1039 - genDependencies : Invalid condition id : UX DEVICE CLASS RTOS Condition cause : null
2024-01-12 19:33:02,545 [WARN] ConditionMgr:1039 - genDependencies : Invalid condition id : UX DEVICE CLASS RTOS Condition cause : null
2024-01-12 19:33:02,545 [WARN] ConditionMgr:1039 - genDependencies : Invalid condition id : UX DEVICE CLASS RTOS Condition cause : null
2024-01-12 19:33:02,545 [WARN] ConditionMgr:1039 - genDependencies : Invalid condition id : UX DEVICE CLASS RTOS Condition cause : null
2024-01-12 19:33:02,564 [WARN] PackLoader:240 - Cannot read IP mode file for STMicroelectronics.X-CUBE-NFC7.1.0.1
2024-01-12 19:33:02,579 [WARN] PackLoader:240 - Cannot read IP mode file for STMicroelectronics.X-CUBE-NFC6.3.0.0
2024-01-12 19:33:02,598 [WARN] PackLoader:240 - Cannot read IP mode file for STMicroelectronics.X-CUBE-EEPRMA1.4.1.0
2024-01-12 19:33:02,616 [WARN] PackLoader:240 - Cannot read IP mode file for STMicroelectronics.X-CUBE-AI.8.1.0
2024-01-12 19:33:02,649 [WARN] ConditionMgr:438 - getConditionDescription Invalid condition id : LAN8742 Phy interface Condition cause : null
2024-01-12 19:33:02,650 [WARN] PackLoader:240 - Cannot read IP mode file for STMicroelectronics.X-CUBE-AZRTOS-L4.2.0.0
2024-01-12 19:33:02,651 [WARN] ConditionMgr:1039 - genDependencies : Invalid condition id : LAN8742 Phy interface Condition cause : null
2024-01-12 19:33:02,652 [WARN] ConditionMgr:1039 - genDependencies : Invalid condition id : LAN8742 Phy interface Condition cause : null
2024-01-12 19:33:02,652 [WARN] ConditionMgr:1039 - genDependencies : Invalid condition id : LAN8742 Phy interface Condition cause : null
2024-01-12 19:33:02,673 [WARN] PackLoader:240 - Cannot read IP mode file for STMicroelectronics.X-CUBE-SFXS2LP1.4.0.0
2024-01-12 19:33:02,687 [WARN] PackLoader:240 - Cannot read IP mode file for STMicroelectronics.X-CUBE-ISPU.1.1.0
2024-01-12 19:33:02,712 [WARN] ConditionMgr:438 - getConditionDescription Invalid condition id : UX DEVICE CLASS RTOS Condition cause : null
2024-01-12 19:33:02,713 [WARN] ConditionMgr:438 - getConditionDescription Invalid condition id : UX DEVICE CLASS RTOS Condition cause : null
2024-01-12 19:33:02,715 [WARN] PackLoader:240 - Cannot read IP mode file for STMicroelectronics.X-CUBE-AZRTOS-WB.2.0.0
2024-01-12 19:33:02,716 [WARN] ConditionMgr:1039 - genDependencies : Invalid condition id : UX DEVICE CLASS RTOS Condition cause : null
2024-01-12 19:33:02,716 [WARN] ConditionMgr:1039 - genDependencies : Invalid condition id : UX DEVICE CLASS RTOS Condition cause : null
2024-01-12 19:33:02,717 [WARN] ConditionMgr:1039 - genDependencies : Invalid condition id : UX DEVICE CLASS RTOS Condition cause : null
2024-01-12 19:33:02,717 [WARN] ConditionMgr:1039 - genDependencies : Invalid condition id : UX DEVICE CLASS RTOS Condition cause : null
2024-01-12 19:33:02,717 [WARN] ConditionMgr:1039 - genDependencies : Invalid condition id : UX DEVICE CLASS RTOS Condition cause : null
2024-01-12 19:33:02,737 [WARN] PackLoader:240 - Cannot read IP mode file for STMicroelectronics.X-CUBE-SUBG2.5.0.0
2024-01-12 19:33:02,764 [WARN] PackLoader:240 - Cannot read IP mode file for STMicroelectronics.X-CUBE-TOF1.3.3.1
2024-01-12 19:33:02,800 [WARN] PackLoader:240 - Cannot read IP mode file for STMicroelectronics.X-CUBE-AZRTOS-G4.2.0.0
2024-01-12 19:33:02,825 [WARN] PackLoader:240 - Cannot read IP mode file for Infineon.AIROC-Wi-Fi-Bluetooth-STM32.1.5.1
2024-01-12 19:33:02,840 [WARN] PackLoader:240 - Cannot read IP mode file for STMicroelectronics.FP-SNS-MOTENVWB1.1.3.0
2024-01-12 19:33:02,852 [WARN] PackLoader:240 - Cannot read IP mode file for STMicroelectronics.FP-SNS-MOTENVWB1.1.3.1
2024-01-12 19:33:02,865 [WARN] PackLoader:240 - Cannot read IP mode file for STMicroelectronics.X-CUBE-ISPU.2.0.0
2024-01-12 19:33:02,930 [WARN] PackLoader:240 - Cannot read IP mode file for STMicroelectronics.X-CUBE-MEMS1.10.0.0
2024-01-12 19:33:03,073 [WARN] PackLoader:240 - Cannot read IP mode file for STMicroelectronics.X-CUBE-FREERTOS.1.1.0
2024-01-12 19:33:03,087 [WARN] PackLoader:240 - Cannot read IP mode file for portGmbH.I-Cube-SoM-uGOAL.1.1.0
2024-01-12 19:33:03,100 [WARN] PackLoader:240 - Cannot read IP mode file for STMicroelectronics.X-CUBE-ALS.1.0.1
2024-01-12 19:33:03,112 [WARN] PackLoader:240 - Cannot read IP mode file for STMicroelectronics.FP-ATR-ASTRA1.2.0.0
2024-01-12 19:33:03,131 [WARN] PackLoader:240 - Cannot read IP mode file for STMicroelectronics.X-CUBE-TOF1.3.4.0
2024-01-12 19:33:03,165 [WARN] PackLoader:240 - Cannot read IP mode file for STMicroelectronics.X-CUBE-AZRTOS-H7.3.2.0
2024-01-12 19:33:03,168 [INFO] ThirdParty:978 - Integrity check success = true
2024-01-12 19:33:03,168 [INFO] IntegrityCheckThread:100 - exiting critical section [integrity check]
2024-01-12 19:33:03,168 [INFO] IntegrityCheckThread:103 - End integrity checks thread
2024-01-12 19:33:18,571 [ERROR] LogOutputStream:75 - [STDERR_REDIRECT] SLF4J: Failed to load class "org.slf4j.impl.StaticLoggerBinder".
2024-01-12 19:33:18,572 [ERROR] LogOutputStream:75 - [STDERR_REDIRECT] SLF4J: Defaulting to no-operation (NOP) logger implementation
2024-01-12 19:33:18,573 [ERROR] LogOutputStream:75 - [STDERR_REDIRECT] SLF4J: See http://www.slf4j.org/codes.html#StaticLoggerBinder for further details.
