2024-01-01 17:10:05,186 [INFO] Activator:176 - 


2024-01-01 17:10:05,197 [INFO] Activator:177 - !SESSION log4j initialized
2024-01-01 17:10:14,151 [INFO] LogOutputStream:77 - [STDOUT_REDIRECT] 
2024-01-01 17:10:18,243 [INFO] ApplicationProperties:184 - Using Application install path: E:\stIDE\STM32CubeIDE_1.13.2\STM32CubeIDE\plugins\com.st.stm32cube.common.mx_6.9.2.202309101412
2024-01-01 17:10:18,288 [INFO] DbMcusXml:78 - Set database path to: E:\stIDE\STM32CubeIDE_1.13.2\STM32CubeIDE\plugins\com.st.stm32cube.common.mx_6.9.2.202309101412\\db\/mcu/
2024-01-01 17:10:18,288 [INFO] ApiDb:274 - Set plugin database path to: E:\stIDE\STM32CubeIDE_1.13.2\STM32CubeIDE\plugins\com.st.stm32cube.common.mx_6.9.2.202309101412\\db\/plugins/boardmanager/
2024-01-01 17:10:18,289 [WARN] ApiDb:259 - Overriding images path with different value:  => E:\stIDE\STM32CubeIDE_1.13.2\STM32CubeIDE\plugins\com.st.stm32cube.common.mx_6.9.2.202309101412\\db\/plugins/mcufinder/images/
2024-01-01 17:10:18,419 [INFO] ApiDb:250 - Set database path to: C:\Users\nessy\.stmcufinder\plugins\mcufinder//mcu/
2024-01-01 17:10:18,420 [INFO] DbMcusAds:125 - Set database path to: C:\Users\nessy\.stmcufinder\plugins\mcufinder//mcu/
2024-01-01 17:10:18,422 [INFO] CrossReferenceDbSqlite:203 - Set database path to: C:\Users\nessy\.stmcufinder\plugins\mcufinder//mcu/cs/
2024-01-01 17:10:18,708 [INFO] RulesReader:64 - Compatibility file has been processed (293 Rules)
2024-01-01 17:10:18,938 [INFO] DbMcusXml:78 - Set database path to: E:\stIDE\STM32CubeIDE_1.13.2\STM32CubeIDE\plugins\com.st.stm32cube.common.mx_6.9.2.202309101412\\db\/mcu/
2024-01-01 17:10:18,938 [INFO] ApiDb:274 - Set plugin database path to: E:\stIDE\STM32CubeIDE_1.13.2\STM32CubeIDE\plugins\com.st.stm32cube.common.mx_6.9.2.202309101412\\db\/plugins/boardmanager/
2024-01-01 17:10:18,938 [INFO] ApiDb:261 - Set plugin images path to: E:\stIDE\STM32CubeIDE_1.13.2\STM32CubeIDE\plugins\com.st.stm32cube.common.mx_6.9.2.202309101412\\db\/plugins/mcufinder/images/
2024-01-01 17:10:18,938 [WARN] DbFile:41 - Overriding database path with different value: C:\Users\nessy\.stmcufinder\plugins\mcufinder/ => C:\Users\nessy\.stmcufinder\plugins\mcufinder
2024-01-01 17:10:18,938 [INFO] ApiDb:250 - Set database path to: C:\Users\nessy\.stmcufinder\plugins\mcufinder//mcu/
2024-01-01 17:10:18,938 [WARN] DbFile:41 - Overriding database path with different value: C:\Users\nessy\.stmcufinder\plugins\mcufinder/ => C:\Users\nessy\.stmcufinder\plugins\mcufinder
2024-01-01 17:10:18,938 [INFO] DbMcusAds:125 - Set database path to: C:\Users\nessy\.stmcufinder\plugins\mcufinder//mcu/
2024-01-01 17:10:18,939 [WARN] DbFile:41 - Overriding database path with different value: C:\Users\nessy\.stmcufinder\plugins\mcufinder/ => C:\Users\nessy\.stmcufinder\plugins\mcufinder
2024-01-01 17:10:18,939 [WARN] DbFile:41 - Overriding database path with different value: C:\Users\nessy\.stmcufinder\plugins\mcufinder/ => C:\Users\nessy\.stmcufinder\plugins\mcufinder
2024-01-01 17:10:18,939 [INFO] CrossReferenceDbSqlite:203 - Set database path to: C:\Users\nessy\.stmcufinder\plugins\mcufinder//mcu/cs/
2024-01-01 17:10:19,045 [INFO] MainPanel:262 - HeapMemory: 268435456
2024-01-01 17:10:19,253 [INFO] DbMcusXml:78 - Set database path to: E:\stIDE\STM32CubeIDE_1.13.2\STM32CubeIDE\plugins\com.st.stm32cube.common.mx_6.9.2.202309101412\\db\/mcu/
2024-01-01 17:10:19,253 [INFO] ApiDb:274 - Set plugin database path to: E:\stIDE\STM32CubeIDE_1.13.2\STM32CubeIDE\plugins\com.st.stm32cube.common.mx_6.9.2.202309101412\\db\/plugins/boardmanager/
2024-01-01 17:10:19,253 [INFO] ApiDb:261 - Set plugin images path to: E:\stIDE\STM32CubeIDE_1.13.2\STM32CubeIDE\plugins\com.st.stm32cube.common.mx_6.9.2.202309101412\\db\/plugins/mcufinder/images/
2024-01-01 17:10:19,265 [WARN] DbFile:41 - Overriding database path with different value: C:\Users\nessy\.stmcufinder\plugins\mcufinder/ => C:\Users\nessy\.stmcufinder\plugins\mcufinder
2024-01-01 17:10:19,265 [INFO] ApiDb:250 - Set database path to: C:\Users\nessy\.stmcufinder\plugins\mcufinder//mcu/
2024-01-01 17:10:19,265 [WARN] DbFile:41 - Overriding database path with different value: C:\Users\nessy\.stmcufinder\plugins\mcufinder/ => C:\Users\nessy\.stmcufinder\plugins\mcufinder
2024-01-01 17:10:19,265 [INFO] DbMcusAds:125 - Set database path to: C:\Users\nessy\.stmcufinder\plugins\mcufinder//mcu/
2024-01-01 17:10:19,265 [WARN] DbFile:41 - Overriding database path with different value: C:\Users\nessy\.stmcufinder\plugins\mcufinder/ => C:\Users\nessy\.stmcufinder\plugins\mcufinder
2024-01-01 17:10:19,265 [WARN] DbFile:41 - Overriding database path with different value: C:\Users\nessy\.stmcufinder\plugins\mcufinder/ => C:\Users\nessy\.stmcufinder\plugins\mcufinder
2024-01-01 17:10:19,265 [INFO] CrossReferenceDbSqlite:203 - Set database path to: C:\Users\nessy\.stmcufinder\plugins\mcufinder//mcu/cs/
2024-01-01 17:10:19,286 [INFO] ApplicationProperties:184 - Using Application install path: E:\stIDE\STM32CubeIDE_1.13.2\STM32CubeIDE\plugins\com.st.stm32cube.common.mx_6.9.2.202309101412
2024-01-01 17:10:19,288 [INFO] PluginManage:196 - Search for loadable plugins [exclusion list=, ]
2024-01-01 17:10:19,289 [INFO] PluginManage:310 - Check plugin analytics
2024-01-01 17:10:19,549 [ERROR] ConfigurationRetriever:142 - IOException on connection: Read timed out
2024-01-01 17:10:19,559 [INFO] AnalyticsPlugin:253 - Accepted Software Licenses: 
2024-01-01 17:10:19,560 [INFO] AnalyticsPlugin:255 - Accepted CMSIS Pack Licenses: STMicroelectronics.X-CUBE-ALGOBUILD.1.3.0
2024-01-01 17:10:19,560 [INFO] AnalyticsPlugin:257 - Accepted Firmware Licenses: FW.H7.1.11.0
2024-01-01 17:10:19,563 [INFO] PluginManage:359 - Loaded plugin analytics (category:tool,tabindex:-1)
2024-01-01 17:10:19,563 [INFO] PluginManage:310 - Check plugin cadmodel
2024-01-01 17:10:19,606 [INFO] CADModel:105 - Init CAD model plugin
2024-01-01 17:10:19,606 [INFO] PluginManage:359 - Loaded plugin cadmodel (category:power,tabindex:5)
2024-01-01 17:10:19,606 [INFO] PluginManage:310 - Check plugin clock
2024-01-01 17:10:19,642 [INFO] PluginManage:359 - Loaded plugin clock (category:base,tabindex:2)
2024-01-01 17:10:19,642 [INFO] PluginManage:310 - Check plugin ddr
2024-01-01 17:10:19,662 [INFO] PluginManage:359 - Loaded plugin ddr (category:tool,tabindex:6)
2024-01-01 17:10:19,662 [INFO] PluginManage:310 - Check plugin filemanager
2024-01-01 17:10:19,948 [INFO] PluginManage:359 - Loaded plugin filemanager (category:base,tabindex:10)
2024-01-01 17:10:19,948 [INFO] PluginManage:310 - Check plugin ipmanager
2024-01-01 17:10:19,977 [INFO] PluginManage:359 - Loaded plugin ipmanager (category:base,tabindex:5)
2024-01-01 17:10:19,977 [INFO] PluginManage:310 - Check plugin lpbam
2024-01-01 17:10:20,020 [INFO] PluginManage:359 - Loaded plugin lpbam (category:base,tabindex:0)
2024-01-01 17:10:20,020 [INFO] PluginManage:310 - Check plugin memorymap
2024-01-01 17:10:20,068 [INFO] PluginManage:359 - Loaded plugin memorymap (category:base,tabindex:4)
2024-01-01 17:10:20,068 [INFO] PluginManage:310 - Check plugin pinoutandconfiguration
2024-01-01 17:10:20,097 [INFO] PluginManage:359 - Loaded plugin pinoutandconfiguration (category:base,tabindex:1)
2024-01-01 17:10:20,098 [INFO] PluginManage:310 - Check plugin pinoutconfig
2024-01-01 17:10:20,218 [WARN] SupportedApi:132 - Cannot load RTOS API schema: s4s-elt-must-match.1: The content of 'definitions' must match (annotation?, (simpleType | complexType)?, (unique | key | keyref)*)). A problem was found starting at: attribute.
2024-01-01 17:10:20,357 [INFO] PluginManage:359 - Loaded plugin pinoutconfig (category:base,tabindex:0)
2024-01-01 17:10:20,357 [INFO] PluginManage:310 - Check plugin power
2024-01-01 17:10:20,423 [INFO] PluginManage:359 - Loaded plugin power (category:power,tabindex:4)
2024-01-01 17:10:20,423 [INFO] PluginManage:310 - Check plugin projectmanager
2024-01-01 17:10:20,437 [INFO] PluginManage:359 - Loaded plugin projectmanager (category:projectmanager,tabindex:3)
2024-01-01 17:10:20,438 [INFO] PluginManage:310 - Check plugin thirdparty
2024-01-01 17:10:20,839 [INFO] PluginManage:359 - Loaded plugin thirdparty (category:base,tabindex:-1)
2024-01-01 17:10:20,839 [WARN] IntegrityCheckThread:84 - waiting for thirdparty lock release [integrity check]
2024-01-01 17:10:20,839 [INFO] PluginManage:310 - Check plugin tools
2024-01-01 17:10:20,839 [INFO] IntegrityCheckThread:86 - entering critical section [integrity check]
2024-01-01 17:10:20,840 [INFO] ThirdPartyUpdaterWithRetryManager:70 - Updater plugin not ready yet. [1/15]
2024-01-01 17:10:20,852 [INFO] PluginManage:359 - Loaded plugin tools (category:base,tabindex:7)
2024-01-01 17:10:20,852 [INFO] PluginManage:310 - Check plugin tutovideos
2024-01-01 17:10:21,233 [INFO] PluginManage:359 - Loaded plugin tutovideos (category:base,tabindex:-1)
2024-01-01 17:10:21,233 [INFO] PluginManage:310 - Check plugin updater
2024-01-01 17:10:21,281 [INFO] PluginManage:359 - Loaded plugin updater (category:base,tabindex:12)
2024-01-01 17:10:21,282 [INFO] PluginManage:310 - Check plugin userauth
2024-01-01 17:10:21,303 [INFO] UserAuth:113 - Init User Auth plugin
2024-01-01 17:10:21,303 [INFO] PluginManage:359 - Loaded plugin userauth (category:base,tabindex:14)
2024-01-01 17:10:21,303 [INFO] PluginManage:283 - PluginManage : Loaded plugins [17]
2024-01-01 17:10:21,705 [INFO] PinOutPanel:1499 - setPackage(No Configuration,No Configuration)
2024-01-01 17:10:21,976 [INFO] CADModel:165 - CPN selected for project level
2024-01-01 17:10:21,977 [INFO] CADModel:114 - Register for checkConnection events
2024-01-01 17:10:22,080 [INFO] IPUIPlugin:80 - create IPUIPlugin
2024-01-01 17:10:22,081 [INFO] PluginManager:220 - loadIPPluginJar : add adc
2024-01-01 17:10:22,103 [INFO] IPUIPlugin:80 - create IPUIPlugin
2024-01-01 17:10:22,104 [INFO] PluginManager:220 - loadIPPluginJar : add aes
2024-01-01 17:10:22,119 [INFO] IPUIPlugin:80 - create IPUIPlugin
2024-01-01 17:10:22,119 [INFO] PluginManager:220 - loadIPPluginJar : add can
2024-01-01 17:10:22,131 [INFO] IPUIPlugin:80 - create IPUIPlugin
2024-01-01 17:10:22,131 [INFO] PluginManager:220 - loadIPPluginJar : add comp
2024-01-01 17:10:22,143 [INFO] IPUIPlugin:80 - create IPUIPlugin
2024-01-01 17:10:22,144 [INFO] PluginManager:220 - loadIPPluginJar : add cryp
2024-01-01 17:10:22,155 [INFO] IPUIPlugin:80 - create IPUIPlugin
2024-01-01 17:10:22,156 [INFO] PluginManager:220 - loadIPPluginJar : add dfsdm
2024-01-01 17:10:22,175 [INFO] IPUIPlugin:80 - create IPUIPlugin
2024-01-01 17:10:22,177 [INFO] PluginManager:220 - loadIPPluginJar : add dma
2024-01-01 17:10:22,188 [INFO] IPUIPlugin:80 - create IPUIPlugin
2024-01-01 17:10:22,189 [INFO] PluginManager:220 - loadIPPluginJar : add dma3
2024-01-01 17:10:22,191 [INFO] IPUIPlugin:80 - create IPUIPlugin
2024-01-01 17:10:22,191 [INFO] PluginManager:220 - loadIPPluginJar : add fatfs
2024-01-01 17:10:22,197 [INFO] IPUIPlugin:80 - create IPUIPlugin
2024-01-01 17:10:22,197 [INFO] PluginManager:220 - loadIPPluginJar : add fmc
2024-01-01 17:10:22,224 [INFO] IPUIPlugin:80 - create IPUIPlugin
2024-01-01 17:10:22,224 [INFO] PluginManager:220 - loadIPPluginJar : add freertos
2024-01-01 17:10:22,225 [INFO] IPUIPlugin:80 - create IPUIPlugin
2024-01-01 17:10:22,226 [INFO] PluginManager:220 - loadIPPluginJar : add genericplugin
2024-01-01 17:10:22,228 [INFO] IPUIPlugin:80 - create IPUIPlugin
2024-01-01 17:10:22,228 [INFO] PluginManager:220 - loadIPPluginJar : add gfxmmu
2024-01-01 17:10:22,248 [INFO] IPUIPlugin:80 - create IPUIPlugin
2024-01-01 17:10:22,249 [INFO] PluginManager:220 - loadIPPluginJar : add gic
2024-01-01 17:10:22,269 [INFO] IPUIPlugin:80 - create IPUIPlugin
2024-01-01 17:10:22,269 [INFO] PluginManager:220 - loadIPPluginJar : add gpio
2024-01-01 17:10:22,279 [INFO] IPUIPlugin:80 - create IPUIPlugin
2024-01-01 17:10:22,279 [INFO] PluginManager:220 - loadIPPluginJar : add gtzc
2024-01-01 17:10:22,287 [INFO] IPUIPlugin:80 - create IPUIPlugin
2024-01-01 17:10:22,287 [INFO] PluginManager:220 - loadIPPluginJar : add hash
2024-01-01 17:10:22,291 [INFO] IPUIPlugin:80 - create IPUIPlugin
2024-01-01 17:10:22,291 [INFO] PluginManager:220 - loadIPPluginJar : add i2c
2024-01-01 17:10:22,294 [INFO] IPUIPlugin:80 - create IPUIPlugin
2024-01-01 17:10:22,294 [INFO] PluginManager:220 - loadIPPluginJar : add i2s
2024-01-01 17:10:22,311 [INFO] IPUIPlugin:80 - create IPUIPlugin
2024-01-01 17:10:22,312 [INFO] PluginManager:220 - loadIPPluginJar : add i3c
2024-01-01 17:10:22,316 [INFO] IPUIPlugin:80 - create IPUIPlugin
2024-01-01 17:10:22,316 [INFO] PluginManager:220 - loadIPPluginJar : add ipddr
2024-01-01 17:10:22,338 [INFO] IPUIPlugin:80 - create IPUIPlugin
2024-01-01 17:10:22,339 [INFO] PluginManager:220 - loadIPPluginJar : add linkedlist
2024-01-01 17:10:22,349 [INFO] IPUIPlugin:80 - create IPUIPlugin
2024-01-01 17:10:22,349 [INFO] PluginManager:220 - loadIPPluginJar : add lorawan
2024-01-01 17:10:22,353 [INFO] IPUIPlugin:80 - create IPUIPlugin
2024-01-01 17:10:22,353 [INFO] PluginManager:220 - loadIPPluginJar : add ltdc
2024-01-01 17:10:22,382 [INFO] IPUIPlugin:80 - create IPUIPlugin
2024-01-01 17:10:22,382 [INFO] PluginManager:220 - loadIPPluginJar : add mdma
2024-01-01 17:10:22,389 [INFO] IPUIPlugin:80 - create IPUIPlugin
2024-01-01 17:10:22,389 [INFO] PluginManager:220 - loadIPPluginJar : add nvic
2024-01-01 17:10:22,418 [INFO] IPUIPlugin:80 - create IPUIPlugin
2024-01-01 17:10:22,419 [INFO] PluginManager:220 - loadIPPluginJar : add opamp
2024-01-01 17:10:22,425 [INFO] IPUIPlugin:80 - create IPUIPlugin
2024-01-01 17:10:22,425 [INFO] PluginManager:220 - loadIPPluginJar : add openamp
2024-01-01 17:10:22,433 [INFO] IPUIPlugin:80 - create IPUIPlugin
2024-01-01 17:10:22,433 [INFO] PluginManager:220 - loadIPPluginJar : add pdm2pcm
2024-01-01 17:10:22,458 [INFO] IPUIPlugin:80 - create IPUIPlugin
2024-01-01 17:10:22,461 [INFO] PluginManager:220 - loadIPPluginJar : add plateformsettings
2024-01-01 17:10:22,463 [INFO] IPUIPlugin:80 - create IPUIPlugin
2024-01-01 17:10:22,463 [INFO] PluginManager:220 - loadIPPluginJar : add quadspi
2024-01-01 17:10:22,501 [INFO] IPUIPlugin:80 - create IPUIPlugin
2024-01-01 17:10:22,501 [INFO] PluginManager:220 - loadIPPluginJar : add resmgrutility
2024-01-01 17:10:22,585 [INFO] IPUIPlugin:80 - create IPUIPlugin
2024-01-01 17:10:22,585 [INFO] PluginManager:220 - loadIPPluginJar : add sai
2024-01-01 17:10:22,588 [INFO] IPUIPlugin:80 - create IPUIPlugin
2024-01-01 17:10:22,588 [INFO] PluginManager:220 - loadIPPluginJar : add spi
2024-01-01 17:10:22,594 [INFO] IPUIPlugin:80 - create IPUIPlugin
2024-01-01 17:10:22,594 [INFO] PluginManager:220 - loadIPPluginJar : add stm32_wpan
2024-01-01 17:10:22,596 [INFO] IPUIPlugin:80 - create IPUIPlugin
2024-01-01 17:10:22,596 [INFO] PluginManager:220 - loadIPPluginJar : add tim
2024-01-01 17:10:22,617 [INFO] IPUIPlugin:80 - create IPUIPlugin
2024-01-01 17:10:22,617 [INFO] PluginManager:220 - loadIPPluginJar : add touchsensing
2024-01-01 17:10:22,619 [INFO] IPUIPlugin:80 - create IPUIPlugin
2024-01-01 17:10:22,620 [INFO] PluginManager:220 - loadIPPluginJar : add tracer_emb
2024-01-01 17:10:22,621 [INFO] IPUIPlugin:80 - create IPUIPlugin
2024-01-01 17:10:22,622 [INFO] PluginManager:220 - loadIPPluginJar : add ts
2024-01-01 17:10:22,624 [INFO] IPUIPlugin:80 - create IPUIPlugin
2024-01-01 17:10:22,624 [INFO] PluginManager:220 - loadIPPluginJar : add tsc
2024-01-01 17:10:22,650 [INFO] IPUIPlugin:80 - create IPUIPlugin
2024-01-01 17:10:22,650 [INFO] PluginManager:220 - loadIPPluginJar : add ucpd
2024-01-01 17:10:22,654 [INFO] IPUIPlugin:80 - create IPUIPlugin
2024-01-01 17:10:22,654 [INFO] PluginManager:220 - loadIPPluginJar : add usart
2024-01-01 17:10:22,657 [INFO] IPUIPlugin:80 - create IPUIPlugin
2024-01-01 17:10:22,657 [INFO] PluginManager:220 - loadIPPluginJar : add usbx
2024-01-01 17:10:22,837 [INFO] CADModel:165 - CPN selected for project level
2024-01-01 17:10:22,838 [INFO] CADModel:114 - Register for checkConnection events
2024-01-01 17:10:22,838 [FATAL] Updater:308 - Updater called before beeing initialized
2024-01-01 17:10:22,838 [ERROR] CADModel:125 - Updater not yet initialized, retry later 
2024-01-01 17:10:23,183 [INFO] CADModel:165 - CPN selected for project level
2024-01-01 17:10:23,183 [INFO] CADModel:114 - Register for checkConnection events
2024-01-01 17:10:23,183 [FATAL] Updater:308 - Updater called before beeing initialized
2024-01-01 17:10:23,183 [ERROR] CADModel:125 - Updater not yet initialized, retry later 
2024-01-01 17:10:23,188 [FATAL] Updater:308 - Updater called before beeing initialized
2024-01-01 17:10:23,295 [FATAL] Updater:308 - Updater called before beeing initialized
2024-01-01 17:10:23,305 [INFO] DbMcusAds:53 - JSON generation date=Wed Nov 29 04:52:27 CST 2023 (1701255147349)
2024-01-01 17:10:23,305 [FATAL] Updater:308 - Updater called before beeing initialized
2024-01-01 17:10:23,419 [WARN] DetailPanel:346 - Failed to get advertising image, set to default
2024-01-01 17:10:23,516 [FATAL] Updater:308 - Updater called before beeing initialized
2024-01-01 17:10:23,518 [FATAL] Updater:308 - Updater called before beeing initialized
2024-01-01 17:10:23,518 [FATAL] Updater:308 - Updater called before beeing initialized
2024-01-01 17:10:23,518 [WARN] DetailPanel:346 - Failed to get advertising image, set to default
2024-01-01 17:10:23,519 [FATAL] Updater:308 - Updater called before beeing initialized
2024-01-01 17:10:23,614 [ERROR] Updater:1120 - MainUpdater not yet initialized. External WinMGr cannot be set.
2024-01-01 17:10:23,629 [INFO] Updater:1056 - Updater Version found : 6.9.2
2024-01-01 17:10:23,648 [INFO] ApplicationProperties:184 - Using Application install path: E:\stIDE\STM32CubeIDE_1.13.2\STM32CubeIDE\plugins\com.st.stm32cube.common.mx_6.9.2.202309101412
2024-01-01 17:10:23,841 [INFO] ThirdPartyUpdaterWithRetryManager:70 - Updater plugin not ready yet. [2/15]
2024-01-01 17:10:24,139 [INFO] MainUpdater:2868 - connection check result : 10
2024-01-01 17:10:24,140 [INFO] MainUpdater:285 - Updater Check For Update Now.
2024-01-01 17:10:24,140 [INFO] MicroXplorer:498 - Change Database Version : DB.6.0.92
2024-01-01 17:10:24,179 [INFO] McuFinderGlobals:63 - Set McuFinder mode to 2 (CubeIDE integrated)
2024-01-01 17:10:24,347 [INFO] CheckServerUpdateThread:120 - End of CheckServer Thread
2024-01-01 17:10:25,030 [ERROR] ConfigurationRetriever:142 - IOException on connection: Read timed out
2024-01-01 17:10:27,099 [WARN] PackLoader:240 - Cannot read IP mode file for STMicroelectronics.X-CUBE-SMBUS.2.1.0
2024-01-01 17:10:27,149 [WARN] PackLoader:240 - Cannot read IP mode file for STMicroelectronics.X-CUBE-AZRTOS-F7.1.1.0
2024-01-01 17:10:27,176 [WARN] PackLoader:240 - Cannot read IP mode file for STMicroelectronics.FP-SNS-MOTENV1.4.3.2
2024-01-01 17:10:27,185 [WARN] PackLoader:240 - Cannot read IP mode file for STMicroelectronics.FP-SNS-FLIGHT1.5.0.2
2024-01-01 17:10:27,206 [WARN] PackLoader:240 - Cannot read IP mode file for STMicroelectronics.X-CUBE-DISPLAY.3.0.0
2024-01-01 17:10:27,228 [WARN] PackLoader:240 - Cannot read IP mode file for STMicroelectronics.X-CUBE-BLE1.7.0.0
2024-01-01 17:10:27,243 [WARN] PackLoader:240 - Cannot read IP mode file for emotas.I-CUBE-CANOPEN.1.3.0
2024-01-01 17:10:27,262 [WARN] PackLoader:240 - Cannot read IP mode file for STMicroelectronics.X-CUBE-TOUCHGFX.4.22.1
2024-01-01 17:10:27,275 [WARN] PackLoader:240 - Cannot read IP mode file for STMicroelectronics.FP-SNS-SMARTAG2.1.2.0
2024-01-01 17:10:27,297 [INFO] LogOutputStream:77 - [STDOUT_REDIRECT] 1 : Invalid condition id : UX_CORESTACK_Condition cause : null
2024-01-01 17:10:27,298 [INFO] LogOutputStream:77 - [STDOUT_REDIRECT] 1 : Invalid condition id : UX_CORESTACK_Condition cause : null
2024-01-01 17:10:27,299 [INFO] LogOutputStream:77 - [STDOUT_REDIRECT] 1 : Invalid condition id : UX_CORESTACK_Condition cause : null
2024-01-01 17:10:27,300 [INFO] LogOutputStream:77 - [STDOUT_REDIRECT] 1 : Invalid condition id : UX_CORESTACK_Condition cause : null
2024-01-01 17:10:27,301 [INFO] LogOutputStream:77 - [STDOUT_REDIRECT] 1 : Invalid condition id : UX_CORESTACK_Condition cause : null
2024-01-01 17:10:27,305 [WARN] PackLoader:240 - Cannot read IP mode file for STMicroelectronics.X-CUBE-AZRTOS-WL.2.0.0
2024-01-01 17:10:27,323 [WARN] PackLoader:240 - Cannot read IP mode file for WES.I-CUBE-Cesium.1.3.0
2024-01-01 17:10:27,335 [WARN] PackLoader:240 - Cannot read IP mode file for STMicroelectronics.X-CUBE-BLE2.3.3.0
2024-01-01 17:10:27,351 [WARN] PackLoader:240 - Cannot read IP mode file for STMicroelectronics.X-CUBE-ALGOBUILD.1.3.0
2024-01-01 17:10:27,495 [WARN] PackLoader:240 - Cannot read IP mode file for STMicroelectronics.X-CUBE-AZRTOS-G0.1.1.0
2024-01-01 17:10:27,513 [WARN] PackLoader:240 - Cannot read IP mode file for STMicroelectronics.X-CUBE-NFC4.3.0.0
2024-01-01 17:10:27,529 [WARN] PackLoader:240 - Cannot read IP mode file for STMicroelectronics.X-CUBE-BLEMGR.3.0.0
2024-01-01 17:10:27,543 [WARN] PackLoader:240 - Cannot read IP mode file for STMicroelectronics.FP-ATR-SIGFOX1.3.2.0
2024-01-01 17:10:27,594 [WARN] PackLoader:240 - Cannot read IP mode file for SEGGER.I-CUBE-embOS.1.3.1
2024-01-01 17:10:27,645 [WARN] PackLoader:240 - Cannot read IP mode file for STMicroelectronics.X-CUBE-GNSS1.6.0.0
2024-01-01 17:10:27,675 [WARN] PackLoader:240 - Cannot read IP mode file for STMicroelectronics.X-CUBE-AZRTOS-F4.1.1.0
2024-01-01 17:10:27,691 [WARN] PackLoader:240 - Cannot read IP mode file for wolfSSL.I-CUBE-wolfSSL.5.6.3
2024-01-01 17:10:27,721 [WARN] PackLoader:240 - Cannot read IP mode file for STMicroelectronics.X-CUBE-AZRTOS-L5.2.0.0
2024-01-01 17:10:27,779 [WARN] PackLoader:240 - Cannot read IP mode file for STMicroelectronics.X-CUBE-MEMS1.9.6.0
2024-01-01 17:10:28,043 [WARN] PackLoader:240 - Cannot read IP mode file for STMicroelectronics.X-CUBE-EEPRMA1.4.2.0
2024-01-01 17:10:28,062 [WARN] PackLoader:240 - Cannot read IP mode file for ITTIA_DB.I-CUBE-ITTIADB.8.8.0
2024-01-01 17:10:28,077 [WARN] PackLoader:240 - Cannot read IP mode file for STMicroelectronics.X-CUBE-BLEMGR.2.0.0
2024-01-01 17:10:28,106 [WARN] ConditionMgr:438 - getConditionDescription Invalid condition id : UX DEVICE CLASS RTOS Condition cause : null
2024-01-01 17:10:28,106 [WARN] ConditionMgr:438 - getConditionDescription Invalid condition id : UX DEVICE CLASS RTOS Condition cause : null
2024-01-01 17:10:28,109 [WARN] PackLoader:240 - Cannot read IP mode file for STMicroelectronics.X-CUBE-AZRTOS-H7.3.1.0
2024-01-01 17:10:28,110 [WARN] ConditionMgr:1039 - genDependencies : Invalid condition id : UX DEVICE CLASS RTOS Condition cause : null
2024-01-01 17:10:28,110 [WARN] ConditionMgr:1039 - genDependencies : Invalid condition id : UX DEVICE CLASS RTOS Condition cause : null
2024-01-01 17:10:28,110 [WARN] ConditionMgr:1039 - genDependencies : Invalid condition id : UX DEVICE CLASS RTOS Condition cause : null
2024-01-01 17:10:28,111 [WARN] ConditionMgr:1039 - genDependencies : Invalid condition id : UX DEVICE CLASS RTOS Condition cause : null
2024-01-01 17:10:28,111 [WARN] ConditionMgr:1039 - genDependencies : Invalid condition id : UX DEVICE CLASS RTOS Condition cause : null
2024-01-01 17:10:28,125 [WARN] PackLoader:240 - Cannot read IP mode file for STMicroelectronics.X-CUBE-NFC7.1.0.1
2024-01-01 17:10:28,142 [WARN] PackLoader:240 - Cannot read IP mode file for STMicroelectronics.X-CUBE-NFC6.3.0.0
2024-01-01 17:10:28,160 [WARN] PackLoader:240 - Cannot read IP mode file for STMicroelectronics.X-CUBE-EEPRMA1.4.1.0
2024-01-01 17:10:28,175 [WARN] PackLoader:240 - Cannot read IP mode file for STMicroelectronics.X-CUBE-AI.8.1.0
2024-01-01 17:10:28,216 [WARN] ConditionMgr:438 - getConditionDescription Invalid condition id : LAN8742 Phy interface Condition cause : null
2024-01-01 17:10:28,216 [WARN] PackLoader:240 - Cannot read IP mode file for STMicroelectronics.X-CUBE-AZRTOS-L4.2.0.0
2024-01-01 17:10:28,218 [WARN] ConditionMgr:1039 - genDependencies : Invalid condition id : LAN8742 Phy interface Condition cause : null
2024-01-01 17:10:28,218 [WARN] ConditionMgr:1039 - genDependencies : Invalid condition id : LAN8742 Phy interface Condition cause : null
2024-01-01 17:10:28,218 [WARN] ConditionMgr:1039 - genDependencies : Invalid condition id : LAN8742 Phy interface Condition cause : null
2024-01-01 17:10:28,235 [WARN] PackLoader:240 - Cannot read IP mode file for STMicroelectronics.X-CUBE-SFXS2LP1.4.0.0
2024-01-01 17:10:28,250 [WARN] PackLoader:240 - Cannot read IP mode file for STMicroelectronics.X-CUBE-ISPU.1.1.0
2024-01-01 17:10:28,279 [WARN] ConditionMgr:438 - getConditionDescription Invalid condition id : UX DEVICE CLASS RTOS Condition cause : null
2024-01-01 17:10:28,279 [WARN] ConditionMgr:438 - getConditionDescription Invalid condition id : UX DEVICE CLASS RTOS Condition cause : null
2024-01-01 17:10:28,281 [WARN] PackLoader:240 - Cannot read IP mode file for STMicroelectronics.X-CUBE-AZRTOS-WB.2.0.0
2024-01-01 17:10:28,282 [WARN] ConditionMgr:1039 - genDependencies : Invalid condition id : UX DEVICE CLASS RTOS Condition cause : null
2024-01-01 17:10:28,282 [WARN] ConditionMgr:1039 - genDependencies : Invalid condition id : UX DEVICE CLASS RTOS Condition cause : null
2024-01-01 17:10:28,283 [WARN] ConditionMgr:1039 - genDependencies : Invalid condition id : UX DEVICE CLASS RTOS Condition cause : null
2024-01-01 17:10:28,283 [WARN] ConditionMgr:1039 - genDependencies : Invalid condition id : UX DEVICE CLASS RTOS Condition cause : null
2024-01-01 17:10:28,283 [WARN] ConditionMgr:1039 - genDependencies : Invalid condition id : UX DEVICE CLASS RTOS Condition cause : null
2024-01-01 17:10:28,304 [WARN] PackLoader:240 - Cannot read IP mode file for STMicroelectronics.X-CUBE-SUBG2.5.0.0
2024-01-01 17:10:28,325 [WARN] PackLoader:240 - Cannot read IP mode file for STMicroelectronics.X-CUBE-TOF1.3.3.1
2024-01-01 17:10:28,357 [WARN] PackLoader:240 - Cannot read IP mode file for STMicroelectronics.X-CUBE-AZRTOS-G4.2.0.0
2024-01-01 17:10:28,382 [WARN] PackLoader:240 - Cannot read IP mode file for Infineon.AIROC-Wi-Fi-Bluetooth-STM32.1.5.1
2024-01-01 17:10:28,398 [WARN] PackLoader:240 - Cannot read IP mode file for STMicroelectronics.FP-SNS-MOTENVWB1.1.3.0
2024-01-01 17:10:28,410 [WARN] PackLoader:240 - Cannot read IP mode file for STMicroelectronics.FP-SNS-MOTENVWB1.1.3.1
2024-01-01 17:10:28,422 [WARN] PackLoader:240 - Cannot read IP mode file for STMicroelectronics.X-CUBE-ISPU.2.0.0
2024-01-01 17:10:28,474 [WARN] PackLoader:240 - Cannot read IP mode file for STMicroelectronics.X-CUBE-MEMS1.10.0.0
2024-01-01 17:10:28,605 [WARN] PackLoader:240 - Cannot read IP mode file for STMicroelectronics.X-CUBE-FREERTOS.1.1.0
2024-01-01 17:10:28,622 [WARN] PackLoader:240 - Cannot read IP mode file for portGmbH.I-Cube-SoM-uGOAL.1.1.0
2024-01-01 17:10:28,642 [WARN] PackLoader:240 - Cannot read IP mode file for STMicroelectronics.X-CUBE-ALS.1.0.1
2024-01-01 17:10:28,661 [WARN] PackLoader:240 - Cannot read IP mode file for STMicroelectronics.FP-ATR-ASTRA1.2.0.0
2024-01-01 17:10:28,684 [WARN] PackLoader:240 - Cannot read IP mode file for STMicroelectronics.X-CUBE-TOF1.3.4.0
2024-01-01 17:10:28,725 [WARN] PackLoader:240 - Cannot read IP mode file for STMicroelectronics.X-CUBE-AZRTOS-H7.3.2.0
2024-01-01 17:10:28,729 [INFO] ThirdParty:978 - Integrity check success = true
2024-01-01 17:10:28,730 [INFO] IntegrityCheckThread:100 - exiting critical section [integrity check]
2024-01-01 17:10:28,730 [INFO] IntegrityCheckThread:103 - End integrity checks thread
2024-01-01 17:10:46,407 [ERROR] LogOutputStream:75 - [STDERR_REDIRECT] SLF4J: Failed to load class "org.slf4j.impl.StaticLoggerBinder".
2024-01-01 17:10:46,407 [ERROR] LogOutputStream:75 - [STDERR_REDIRECT] SLF4J: Defaulting to no-operation (NOP) logger implementation
2024-01-01 17:10:46,409 [ERROR] LogOutputStream:75 - [STDERR_REDIRECT] SLF4J: See http://www.slf4j.org/codes.html#StaticLoggerBinder for further details.
2024-01-01 17:16:22,607 [ERROR] ConfigurationRetriever:142 - IOException on connection: Connect timed out
2024-01-01 17:16:24,608 [ERROR] ConfigurationRetriever:142 - IOException on connection: Connect timed out
2024-01-01 17:16:26,609 [ERROR] ConfigurationRetriever:142 - IOException on connection: Connect timed out
2024-01-01 17:16:50,068 [ERROR] ConfigurationRetriever:142 - IOException on connection: Read timed out
2024-01-01 17:17:17,740 [ERROR] ConfigurationRetriever:142 - IOException on connection: Read timed out
2024-01-01 17:17:19,742 [ERROR] ConfigurationRetriever:142 - IOException on connection: Connect timed out
2024-01-01 17:18:15,923 [ERROR] ConfigurationRetriever:142 - IOException on connection: Connect timed out
2024-01-01 17:18:17,924 [ERROR] ConfigurationRetriever:142 - IOException on connection: Connect timed out
2024-01-01 17:18:19,925 [ERROR] ConfigurationRetriever:142 - IOException on connection: Connect timed out
2024-01-01 17:18:28,371 [ERROR] ConfigurationRetriever:142 - IOException on connection: Connect timed out
2024-01-01 17:18:30,372 [ERROR] ConfigurationRetriever:142 - IOException on connection: Connect timed out
2024-01-01 17:18:32,373 [ERROR] ConfigurationRetriever:142 - IOException on connection: Connect timed out
2024-01-01 17:19:09,867 [ERROR] ConfigurationRetriever:142 - IOException on connection: Read timed out
2024-01-01 17:19:13,748 [ERROR] ConfigurationRetriever:142 - IOException on connection: Read timed out
2024-01-01 17:26:41,325 [ERROR] ConfigurationRetriever:142 - IOException on connection: Read timed out
2024-01-01 17:27:06,272 [ERROR] AdobePublisher:162 - Exception while opening the connection: java.net.SocketTimeoutException: Read timed out
2024-01-01 17:27:12,193 [ERROR] AdobePublisher:162 - Exception while opening the connection: java.net.SocketTimeoutException: Read timed out
2024-01-01 17:27:28,284 [ERROR] ConfigurationRetriever:142 - IOException on connection: Read timed out
2024-01-01 18:31:20,143 [ERROR] ConfigurationRetriever:142 - IOException on connection: Read timed out
2024-01-01 18:36:42,666 [ERROR] ConfigurationRetriever:142 - IOException on connection: sw-center.st.com
2024-01-01 18:36:42,667 [ERROR] ConfigurationRetriever:142 - IOException on connection: sw-center.st.com
2024-01-01 18:36:42,668 [ERROR] ConfigurationRetriever:142 - IOException on connection: sw-center.st.com
2024-01-01 18:36:42,986 [ERROR] ConfigurationRetriever:142 - IOException on connection: sw-center.st.com
2024-01-01 18:36:42,988 [ERROR] ConfigurationRetriever:142 - IOException on connection: sw-center.st.com
2024-01-01 18:36:42,988 [ERROR] ConfigurationRetriever:142 - IOException on connection: sw-center.st.com
